TN:
SF:src/app.ts
FN:76,(anonymous_1)
FN:81,(anonymous_2)
FN:93,(anonymous_3)
FN:102,(anonymous_4)
FN:136,(anonymous_5)
FN:144,(anonymous_6)
FNF:6
FNH:3
FNDA:45,(anonymous_1)
FNDA:45,(anonymous_2)
FNDA:29,(anonymous_3)
FNDA:0,(anonymous_4)
FNDA:0,(anonymous_5)
FNDA:0,(anonymous_6)
DA:1,2
DA:2,2
DA:3,2
DA:4,2
DA:5,2
DA:6,2
DA:7,2
DA:9,2
DA:10,2
DA:11,2
DA:14,2
DA:15,2
DA:16,2
DA:17,2
DA:18,2
DA:19,2
DA:20,2
DA:21,2
DA:22,2
DA:23,2
DA:24,2
DA:25,2
DA:26,2
DA:27,2
DA:31,2
DA:36,2
DA:37,2
DA:40,2
DA:41,0
DA:45,2
DA:47,2
DA:48,0
DA:51,2
DA:52,0
DA:58,2
DA:61,2
DA:67,2
DA:78,45
DA:83,45
DA:86,2
DA:89,2
DA:92,2
DA:94,29
DA:102,2
DA:103,0
DA:113,2
DA:116,2
DA:117,2
DA:118,2
DA:119,2
DA:120,2
DA:121,2
DA:122,2
DA:123,2
DA:124,2
DA:125,2
DA:126,2
DA:127,2
DA:128,2
DA:131,2
DA:136,2
DA:137,0
DA:144,2
DA:145,0
DA:148,0
DA:149,0
DA:152,0
DA:161,2
LF:68
LH:59
BRDA:40,0,0,0
BRDA:47,1,0,0
BRDA:51,2,0,0
BRDA:62,3,0,2
BRDA:62,3,1,2
BRDA:62,3,2,2
BRDA:62,4,0,2
BRDA:62,4,1,0
BRDA:62,5,0,2
BRDA:62,5,1,2
BRDA:62,6,0,2
BRDA:62,6,1,0
BRDA:62,7,0,2
BRDA:62,7,1,2
BRDA:78,8,0,45
BRDA:78,8,1,45
BRDA:83,9,0,45
BRDA:83,9,1,45
BRDA:83,9,2,0
BRDA:83,9,3,0
BRDA:148,10,0,0
BRDA:155,11,0,0
BRDA:155,11,1,0
BRF:23
BRH:13
end_of_record
TN:
SF:src/index.ts
FN:12,bootstrap
FN:16,(anonymous_10)
FN:21,(anonymous_11)
FNF:3
FNH:0
FNDA:0,bootstrap
FNDA:0,(anonymous_10)
FNDA:0,(anonymous_11)
DA:1,0
DA:2,0
DA:3,0
DA:4,0
DA:5,0
DA:8,0
DA:9,0
DA:10,0
DA:13,0
DA:14,0
DA:16,0
DA:17,0
DA:21,0
DA:22,0
DA:23,0
LF:15
LH:0
BRDA:10,0,0,0
BRDA:10,0,1,0
BRDA:10,1,0,0
BRDA:10,1,1,0
BRF:4
BRH:0
end_of_record
TN:
SF:src/config/clerk.ts
FN:4,(anonymous_0)
FNF:1
FNH:0
FNDA:0,(anonymous_0)
DA:1,2
DA:4,2
DA:6,0
DA:7,0
DA:8,0
DA:10,0
DA:11,0
DA:12,0
DA:18,0
DA:19,0
DA:20,0
DA:21,0
DA:24,0
DA:25,0
DA:26,0
DA:32,0
DA:33,0
DA:34,0
DA:35,0
DA:38,0
DA:39,0
DA:40,0
DA:42,0
DA:49,2
LF:24
LH:3
BRDA:10,0,0,0
BRDA:11,1,0,0
BRDA:14,2,0,0
BRDA:14,2,1,0
BRDA:24,3,0,0
BRDA:25,4,0,0
BRDA:27,5,0,0
BRDA:27,5,1,0
BRF:8
BRH:0
end_of_record
TN:
SF:src/config/database.test.ts
FN:4,(anonymous_7)
FN:4,(anonymous_8)
FN:12,(anonymous_9)
FN:38,(anonymous_10)
FN:42,(anonymous_11)
FNF:5
FNH:0
FNDA:0,(anonymous_7)
FNDA:0,(anonymous_8)
FNDA:0,(anonymous_9)
FNDA:0,(anonymous_10)
FNDA:0,(anonymous_11)
DA:1,0
DA:4,0
DA:5,0
DA:6,0
DA:9,0
DA:12,0
DA:15,0
DA:16,0
DA:19,0
DA:20,0
DA:23,0
DA:27,0
DA:30,0
DA:31,0
DA:36,0
DA:37,0
DA:39,0
DA:40,0
DA:43,0
DA:44,0
LF:20
LH:0
BRDA:15,0,0,0
BRDA:15,0,1,0
BRDA:36,1,0,0
BRF:3
BRH:0
end_of_record
TN:
SF:src/config/database.ts
FN:22,(anonymous_8)
FN:22,(anonymous_9)
FN:25,(anonymous_10)
FN:29,(anonymous_11)
FN:33,(anonymous_12)
FN:38,(anonymous_13)
FN:38,(anonymous_14)
FN:59,(anonymous_15)
FN:59,(anonymous_16)
FN:70,(anonymous_17)
FN:75,(anonymous_18)
FNF:11
FNH:0
FNDA:0,(anonymous_8)
FNDA:0,(anonymous_9)
FNDA:0,(anonymous_10)
FNDA:0,(anonymous_11)
FNDA:0,(anonymous_12)
FNDA:0,(anonymous_13)
FNDA:0,(anonymous_14)
FNDA:0,(anonymous_15)
FNDA:0,(anonymous_16)
FNDA:0,(anonymous_17)
FNDA:0,(anonymous_18)
DA:1,2
DA:11,2
DA:22,2
DA:23,0
DA:25,0
DA:26,0
DA:29,0
DA:30,0
DA:33,0
DA:34,0
DA:38,0
DA:39,0
DA:40,0
DA:41,0
DA:42,0
DA:44,0
DA:45,0
DA:50,0
DA:53,0
DA:54,0
DA:59,2
DA:60,0
DA:61,0
DA:62,0
DA:64,0
DA:65,0
DA:70,2
DA:71,0
DA:75,2
DA:76,0
DA:84,2
LF:31
LH:7
BRDA:12,0,0,2
BRDA:12,0,1,2
BRF:2
BRH:2
end_of_record
TN:
SF:src/config/index.ts
FNF:0
FNH:0
DA:1,0
DA:2,0
DA:5,0
LF:3
LH:0
BRDA:8,0,0,0
BRDA:8,0,1,0
BRDA:9,1,0,0
BRDA:9,1,1,0
BRDA:10,2,0,0
BRDA:10,2,1,0
BRDA:15,3,0,0
BRDA:15,3,1,0
BRDA:16,4,0,0
BRDA:16,4,1,0
BRDA:21,5,0,0
BRDA:21,5,1,0
BRDA:22,6,0,0
BRDA:22,6,1,0
BRDA:27,7,0,0
BRDA:27,7,1,0
BRDA:32,8,0,0
BRDA:32,8,1,0
BRDA:33,9,0,0
BRDA:33,9,1,0
BRDA:37,10,0,0
BRDA:37,10,1,0
BRDA:37,10,2,0
BRDA:38,11,0,0
BRDA:38,11,1,0
BRDA:39,12,0,0
BRDA:39,12,1,0
BRF:27
BRH:0
end_of_record
TN:
SF:src/config/mpesa.ts
FNF:0
FNH:0
DA:1,2
DA:3,2
DA:5,2
DA:8,2
LF:4
LH:4
BRDA:3,0,0,2
BRDA:3,1,0,2
BRDA:3,1,1,0
BRDA:3,1,2,0
BRDA:9,2,0,2
BRDA:9,2,1,2
BRDA:10,3,0,2
BRDA:10,3,1,2
BRDA:11,4,0,2
BRDA:11,4,1,2
BRDA:12,5,0,2
BRDA:12,5,1,2
BRF:12
BRH:10
end_of_record
TN:
SF:src/core/check.service.ts
FN:4,isCompleteAccount
FNF:1
FNH:0
FNDA:0,isCompleteAccount
DA:2,0
DA:4,0
DA:6,0
DA:8,0
DA:9,0
DA:15,0
DA:16,0
DA:19,0
DA:20,0
DA:25,0
DA:29,0
DA:35,0
LF:12
LH:0
BRDA:6,0,0,0
BRDA:6,0,1,0
BRDA:6,1,0,0
BRDA:6,1,1,0
BRDA:8,2,0,0
BRDA:21,3,0,0
BRDA:21,3,1,0
BRDA:21,3,2,0
BRF:8
BRH:0
end_of_record
TN:
SF:src/core/index.ts
FN:1,(anonymous_0)
FNF:1
FNH:0
FNDA:0,(anonymous_0)
DA:1,0
LF:1
LH:0
BRF:0
BRH:0
end_of_record
TN:
SF:src/core/audit/audit.service.ts
FN:48,(anonymous_7)
FN:91,(anonymous_9)
FN:130,(anonymous_11)
FN:152,(anonymous_12)
FN:177,(anonymous_14)
FN:203,(anonymous_16)
FN:229,(anonymous_18)
FN:254,(anonymous_20)
FN:255,(anonymous_21)
FN:317,(anonymous_22)
FN:318,(anonymous_23)
FN:349,(anonymous_24)
FN:350,(anonymous_25)
FN:387,(anonymous_26)
FN:432,(anonymous_28)
FN:436,(anonymous_29)
FN:440,(anonymous_30)
FN:455,(anonymous_31)
FN:455,(anonymous_32)
FNF:19
FNH:0
FNDA:0,(anonymous_7)
FNDA:0,(anonymous_9)
FNDA:0,(anonymous_11)
FNDA:0,(anonymous_12)
FNDA:0,(anonymous_14)
FNDA:0,(anonymous_16)
FNDA:0,(anonymous_18)
FNDA:0,(anonymous_20)
FNDA:0,(anonymous_21)
FNDA:0,(anonymous_22)
FNDA:0,(anonymous_23)
FNDA:0,(anonymous_24)
FNDA:0,(anonymous_25)
FNDA:0,(anonymous_26)
FNDA:0,(anonymous_28)
FNDA:0,(anonymous_29)
FNDA:0,(anonymous_30)
FNDA:0,(anonymous_31)
FNDA:0,(anonymous_32)
DA:1,2
DA:2,2
DA:19,2
DA:41,2
DA:42,2
DA:43,2
DA:45,2
DA:47,2
DA:62,0
DA:63,0
DA:81,0
DA:83,0
DA:102,0
DA:103,0
DA:105,0
DA:119,0
DA:121,0
DA:123,0
DA:131,0
DA:133,0
DA:135,0
DA:137,0
DA:138,0
DA:139,0
DA:141,0
DA:142,0
DA:146,0
DA:161,0
DA:187,0
DA:213,0
DA:238,0
DA:255,0
DA:274,0
DA:275,0
DA:277,0
DA:278,0
DA:279,0
DA:280,0
DA:282,0
DA:283,0
DA:284,0
DA:285,0
DA:288,0
DA:289,0
DA:290,0
DA:291,0
DA:293,0
DA:302,0
DA:309,0
DA:310,0
DA:318,0
DA:325,0
DA:326,0
DA:327,0
DA:328,0
DA:330,0
DA:339,0
DA:341,0
DA:342,0
DA:350,0
DA:358,0
DA:359,0
DA:360,0
DA:361,0
DA:363,0
DA:365,0
DA:366,0
DA:367,0
DA:368,0
DA:371,0
DA:377,0
DA:379,0
DA:380,0
DA:397,0
DA:398,0
DA:402,0
DA:409,0
DA:430,0
DA:433,0
DA:434,0
DA:436,0
DA:440,0
DA:447,0
DA:448,0
DA:455,0
DA:456,0
DA:457,0
DA:458,0
DA:460,0
DA:464,0
DA:465,0
DA:467,0
DA:468,0
LF:93
LH:8
BRDA:64,0,0,0
BRDA:64,0,1,0
BRDA:65,1,0,0
BRDA:65,1,1,0
BRDA:70,2,0,0
BRDA:70,2,1,0
BRDA:114,3,0,0
BRDA:114,3,1,0
BRDA:114,4,0,0
BRDA:114,4,1,0
BRDA:115,5,0,0
BRDA:115,5,1,0
BRDA:115,6,0,0
BRDA:115,6,1,0
BRDA:115,7,0,0
BRDA:115,7,1,0
BRDA:115,8,0,0
BRDA:115,8,1,0
BRDA:133,9,0,0
BRDA:133,10,0,0
BRDA:133,10,1,0
BRDA:141,11,0,0
BRDA:255,12,0,0
BRDA:263,13,0,0
BRDA:277,14,0,0
BRDA:278,15,0,0
BRDA:279,16,0,0
BRDA:280,17,0,0
BRDA:282,18,0,0
BRDA:282,19,0,0
BRDA:282,19,1,0
BRDA:284,20,0,0
BRDA:285,21,0,0
BRDA:288,22,0,0
BRDA:288,22,1,0
BRDA:289,23,0,0
BRDA:289,23,1,0
BRDA:291,24,0,0
BRDA:291,24,1,0
BRDA:320,25,0,0
BRDA:326,26,0,0
BRDA:326,26,1,0
BRDA:327,27,0,0
BRDA:327,27,1,0
BRDA:351,28,0,0
BRDA:359,29,0,0
BRDA:359,29,1,0
BRDA:360,30,0,0
BRDA:360,30,1,0
BRDA:365,31,0,0
BRDA:365,32,0,0
BRDA:365,32,1,0
BRDA:367,33,0,0
BRDA:368,34,0,0
BRDA:402,35,0,0
BRDA:455,36,0,0
BRDA:465,37,0,0
BRDA:465,37,1,0
BRF:58
BRH:0
end_of_record
TN:
SF:src/core/audit/query.service.ts
FN:17,(anonymous_8)
FN:48,(anonymous_10)
FN:79,(anonymous_12)
FN:79,(anonymous_13)
FN:114,(anonymous_14)
FN:144,(anonymous_16)
FN:180,(anonymous_18)
FN:180,(anonymous_19)
FN:225,(anonymous_20)
FN:225,(anonymous_21)
FN:266,(anonymous_22)
FN:266,(anonymous_23)
FN:312,(anonymous_24)
FN:337,(anonymous_26)
FN:337,(anonymous_27)
FN:362,(anonymous_28)
FN:401,(anonymous_30)
FNF:17
FNH:0
FNDA:0,(anonymous_8)
FNDA:0,(anonymous_10)
FNDA:0,(anonymous_12)
FNDA:0,(anonymous_13)
FNDA:0,(anonymous_14)
FNDA:0,(anonymous_16)
FNDA:0,(anonymous_18)
FNDA:0,(anonymous_19)
FNDA:0,(anonymous_20)
FNDA:0,(anonymous_21)
FNDA:0,(anonymous_22)
FNDA:0,(anonymous_23)
FNDA:0,(anonymous_24)
FNDA:0,(anonymous_26)
FNDA:0,(anonymous_27)
FNDA:0,(anonymous_28)
FNDA:0,(anonymous_30)
DA:1,2
DA:2,2
DA:3,2
DA:4,2
DA:5,2
DA:6,2
DA:7,2
DA:12,2
DA:18,0
DA:19,0
DA:38,0
DA:40,0
DA:41,0
DA:49,0
DA:50,0
DA:69,0
DA:71,0
DA:72,0
DA:79,0
DA:80,0
DA:81,0
DA:91,0
DA:92,0
DA:95,0
DA:96,0
DA:99,0
DA:100,0
DA:103,0
DA:104,0
DA:106,0
DA:107,0
DA:115,0
DA:116,0
DA:129,0
DA:130,0
DA:131,0
DA:134,0
DA:136,0
DA:137,0
DA:145,0
DA:146,0
DA:170,0
DA:172,0
DA:173,0
DA:180,0
DA:181,0
DA:182,0
DA:196,0
DA:197,0
DA:200,0
DA:201,0
DA:203,0
DA:206,0
DA:207,0
DA:210,0
DA:211,0
DA:214,0
DA:215,0
DA:217,0
DA:218,0
DA:225,0
DA:226,0
DA:227,0
DA:233,0
DA:234,0
DA:237,0
DA:238,0
DA:241,0
DA:242,0
DA:244,0
DA:247,0
DA:248,0
DA:251,0
DA:252,0
DA:255,0
DA:256,0
DA:258,0
DA:259,0
DA:266,0
DA:267,0
DA:268,0
DA:283,0
DA:284,0
DA:287,0
DA:288,0
DA:290,0
DA:293,0
DA:294,0
DA:297,0
DA:298,0
DA:301,0
DA:302,0
DA:304,0
DA:305,0
DA:313,0
DA:314,0
DA:321,0
DA:329,0
DA:330,0
DA:337,0
DA:338,0
DA:339,0
DA:352,0
DA:354,0
DA:355,0
DA:363,0
DA:364,0
DA:391,0
DA:393,0
DA:394,0
DA:402,0
DA:410,0
DA:448,0
DA:457,0
DA:458,0
LF:115
LH:8
BRDA:79,0,0,0
BRDA:79,1,0,0
BRDA:91,2,0,0
BRDA:95,3,0,0
BRDA:99,4,0,0
BRDA:129,5,0,0
BRDA:180,6,0,0
BRDA:196,7,0,0
BRDA:200,8,0,0
BRDA:200,8,1,0
BRDA:206,9,0,0
BRDA:210,10,0,0
BRDA:225,11,0,0
BRDA:233,12,0,0
BRDA:237,13,0,0
BRDA:241,14,0,0
BRDA:241,14,1,0
BRDA:247,15,0,0
BRDA:251,16,0,0
BRDA:266,17,0,0
BRDA:283,18,0,0
BRDA:287,19,0,0
BRDA:287,19,1,0
BRDA:293,20,0,0
BRDA:297,21,0,0
BRDA:326,22,0,0
BRDA:326,22,1,0
BRDA:337,23,0,0
BRF:28
BRH:0
end_of_record
TN:
SF:src/core/chat/chat.controller.ts
FN:5,(anonymous_7)
FN:30,(anonymous_8)
FN:30,(anonymous_9)
FN:61,(anonymous_10)
FN:61,(anonymous_11)
FN:81,(anonymous_12)
FN:81,(anonymous_13)
FN:101,(anonymous_14)
FN:101,(anonymous_15)
FN:121,(anonymous_16)
FN:121,(anonymous_17)
FN:141,(anonymous_18)
FN:141,(anonymous_19)
FN:162,(anonymous_20)
FN:162,(anonymous_21)
FN:6,(anonymous_22)
FN:10,(anonymous_24)
FNF:17
FNH:15
FNDA:2,(anonymous_7)
FNDA:2,(anonymous_8)
FNDA:2,(anonymous_9)
FNDA:1,(anonymous_10)
FNDA:1,(anonymous_11)
FNDA:0,(anonymous_12)
FNDA:0,(anonymous_13)
FNDA:1,(anonymous_14)
FNDA:1,(anonymous_15)
FNDA:1,(anonymous_16)
FNDA:1,(anonymous_17)
FNDA:1,(anonymous_18)
FNDA:1,(anonymous_19)
FNDA:1,(anonymous_20)
FNDA:1,(anonymous_21)
FNDA:7,(anonymous_22)
FNDA:1,(anonymous_24)
DA:2,2
DA:5,2
DA:7,7
DA:11,1
DA:12,0
DA:15,1
DA:16,0
DA:19,1
DA:20,0
DA:23,1
DA:24,1
DA:27,0
DA:30,2
DA:31,2
DA:32,2
DA:33,2
DA:38,2
DA:39,0
DA:43,0
DA:46,2
DA:47,2
DA:49,2
DA:54,0
DA:61,2
DA:62,1
DA:63,1
DA:64,1
DA:69,1
DA:74,0
DA:81,2
DA:82,0
DA:83,0
DA:84,0
DA:89,0
DA:94,0
DA:101,2
DA:102,1
DA:103,1
DA:104,1
DA:109,0
DA:114,1
DA:121,2
DA:122,1
DA:123,1
DA:124,1
DA:129,1
DA:134,0
DA:141,2
DA:142,1
DA:143,1
DA:144,1
DA:150,1
DA:155,0
DA:162,2
DA:163,1
DA:164,1
DA:165,1
DA:170,1
DA:175,0
DA:183,2
LF:60
LH:43
BRDA:33,0,0,0
BRDA:38,1,0,0
BRDA:56,2,0,0
BRDA:56,2,1,0
BRDA:76,3,0,0
BRDA:76,3,1,0
BRDA:96,4,0,0
BRDA:96,4,1,0
BRDA:116,5,0,1
BRDA:116,5,1,0
BRDA:126,6,0,0
BRDA:126,6,1,1
BRDA:136,7,0,0
BRDA:136,7,1,0
BRDA:145,8,0,0
BRDA:145,8,1,1
BRDA:145,9,0,1
BRDA:145,9,1,1
BRDA:146,10,0,0
BRDA:146,10,1,1
BRDA:146,11,0,1
BRDA:146,11,1,1
BRDA:147,12,0,0
BRDA:147,12,1,1
BRDA:147,13,0,1
BRDA:147,13,1,1
BRDA:157,14,0,0
BRDA:157,14,1,0
BRDA:177,15,0,0
BRDA:177,15,1,0
BRDA:7,16,0,0
BRDA:7,16,1,7
BRDA:7,17,0,7
BRDA:7,17,1,7
BRDA:11,18,0,0
BRDA:15,19,0,0
BRDA:19,20,0,0
BRDA:23,21,0,1
BRF:38
BRH:15
end_of_record
TN:
SF:src/core/chat/chat.service.ts
FN:31,(anonymous_7)
FN:35,(anonymous_8)
FN:39,(anonymous_9)
FN:51,(anonymous_11)
FN:59,(anonymous_13)
FN:76,(anonymous_14)
FN:91,(anonymous_15)
FN:106,(anonymous_16)
FN:114,(anonymous_17)
FN:115,(anonymous_18)
FN:122,(anonymous_19)
FN:147,(anonymous_20)
FN:158,(anonymous_21)
FN:167,(anonymous_22)
FN:230,(anonymous_24)
FN:243,(anonymous_25)
FN:244,(anonymous_26)
FN:251,(anonymous_27)
FN:255,(anonymous_28)
FN:264,(anonymous_30)
FN:301,(anonymous_32)
FN:316,(anonymous_34)
FN:323,(anonymous_36)
FN:336,(anonymous_37)
FN:341,(anonymous_39)
FN:359,(anonymous_41)
FN:362,(anonymous_42)
FN:378,(anonymous_44)
FN:378,(anonymous_45)
FN:381,(anonymous_46)
FN:413,(anonymous_47)
FN:435,(anonymous_49)
FN:438,(anonymous_50)
FN:444,(anonymous_51)
FN:458,(anonymous_52)
FN:474,(anonymous_54)
FN:513,(anonymous_55)
FN:549,(anonymous_57)
FNF:38
FNH:32
FNDA:7,(anonymous_7)
FNDA:3,(anonymous_8)
FNDA:7,(anonymous_9)
FNDA:7,(anonymous_11)
FNDA:6,(anonymous_13)
FNDA:2,(anonymous_14)
FNDA:2,(anonymous_15)
FNDA:3,(anonymous_16)
FNDA:7,(anonymous_17)
FNDA:14,(anonymous_18)
FNDA:7,(anonymous_19)
FNDA:5,(anonymous_20)
FNDA:2,(anonymous_21)
FNDA:2,(anonymous_22)
FNDA:0,(anonymous_24)
FNDA:4,(anonymous_25)
FNDA:6,(anonymous_26)
FNDA:4,(anonymous_27)
FNDA:2,(anonymous_28)
FNDA:2,(anonymous_30)
FNDA:0,(anonymous_32)
FNDA:6,(anonymous_34)
FNDA:9,(anonymous_36)
FNDA:3,(anonymous_37)
FNDA:1,(anonymous_39)
FNDA:1,(anonymous_41)
FNDA:0,(anonymous_42)
FNDA:0,(anonymous_44)
FNDA:0,(anonymous_45)
FNDA:0,(anonymous_46)
FNDA:1,(anonymous_47)
FNDA:2,(anonymous_49)
FNDA:3,(anonymous_50)
FNDA:6,(anonymous_51)
FNDA:1,(anonymous_52)
FNDA:1,(anonymous_54)
FNDA:2,(anonymous_55)
FNDA:1,(anonymous_57)
DA:1,2
DA:2,2
DA:3,2
DA:4,2
DA:5,2
DA:6,2
DA:7,2
DA:15,2
DA:30,2
DA:32,7
DA:36,3
DA:40,7
DA:44,7
DA:45,0
DA:48,7
DA:52,7
DA:53,0
DA:56,7
DA:60,6
DA:62,2
DA:64,2
DA:66,2
DA:68,0
DA:70,0
DA:72,0
DA:77,2
DA:79,1
DA:81,1
DA:83,0
DA:85,0
DA:87,0
DA:92,2
DA:94,1
DA:96,1
DA:98,0
DA:100,0
DA:102,0
DA:107,3
DA:108,2
DA:111,1
DA:115,14
DA:124,7
DA:128,7
DA:148,5
DA:158,2
DA:168,2
DA:169,2
DA:170,0
DA:173,2
DA:174,2
DA:175,0
DA:178,2
DA:179,2
DA:180,0
DA:183,2
DA:184,2
DA:186,2
DA:192,2
DA:198,2
DA:206,2
DA:208,2
DA:210,1
DA:211,1
DA:213,1
DA:214,0
DA:216,1
DA:217,1
DA:219,0
DA:220,0
DA:222,0
DA:223,0
DA:225,0
DA:226,0
DA:230,0
DA:236,0
DA:239,0
DA:242,2
DA:244,6
DA:247,2
DA:251,4
DA:256,2
DA:257,2
DA:258,0
DA:261,2
DA:265,2
DA:267,2
DA:268,2
DA:270,2
DA:293,2
DA:298,2
DA:302,0
DA:304,0
DA:306,0
DA:307,0
DA:308,0
DA:313,0
DA:317,6
DA:318,6
DA:319,0
DA:322,6
DA:323,9
DA:326,6
DA:327,6
DA:329,6
DA:330,1
DA:333,5
DA:337,3
DA:338,2
DA:342,1
DA:347,1
DA:348,0
DA:351,1
DA:352,0
DA:355,1
DA:359,1
DA:363,0
DA:364,0
DA:365,0
DA:368,0
DA:375,0
DA:377,0
DA:378,0
DA:379,0
DA:380,0
DA:381,0
DA:382,0
DA:387,0
DA:396,0
DA:407,0
DA:418,1
DA:420,1
DA:424,1
DA:425,0
DA:428,1
DA:430,1
DA:435,2
DA:440,3
DA:444,3
DA:445,6
DA:446,6
DA:447,1
DA:448,1
DA:451,5
DA:452,5
DA:455,3
DA:463,1
DA:464,1
DA:465,1
DA:466,0
DA:469,1
DA:470,0
DA:473,1
DA:474,1
DA:477,1
DA:478,0
DA:481,1
DA:493,1
DA:494,1
DA:495,1
DA:496,1
DA:497,1
DA:499,1
DA:500,1
DA:502,1
DA:507,1
DA:514,2
DA:515,2
DA:516,0
DA:519,2
DA:520,2
DA:521,0
DA:524,2
DA:535,2
DA:536,2
DA:537,2
DA:538,2
DA:539,2
DA:541,2
DA:546,2
DA:550,1
DA:551,1
DA:553,1
DA:570,1
DA:573,1
DA:574,1
DA:575,1
DA:577,1
DA:579,1
DA:585,1
DA:589,2
LF:190
LH:136
BRDA:44,0,0,0
BRDA:44,1,0,7
BRDA:44,1,1,7
BRDA:52,2,0,0
BRDA:60,3,0,2
BRDA:60,3,1,2
BRDA:60,3,2,2
BRDA:60,3,3,0
BRDA:60,3,4,0
BRDA:60,3,5,0
BRDA:66,4,0,2
BRDA:66,4,1,0
BRDA:77,5,0,1
BRDA:77,5,1,1
BRDA:77,5,2,0
BRDA:77,5,3,0
BRDA:77,5,4,0
BRDA:92,6,0,1
BRDA:92,6,1,1
BRDA:92,6,2,0
BRDA:92,6,3,0
BRDA:92,6,4,0
BRDA:107,7,0,2
BRDA:111,8,0,0
BRDA:111,8,1,1
BRDA:124,9,0,7
BRDA:124,9,1,0
BRDA:126,10,0,0
BRDA:126,10,1,0
BRDA:132,11,0,7
BRDA:132,11,1,0
BRDA:132,12,0,0
BRDA:132,12,1,7
BRDA:132,13,0,7
BRDA:132,13,1,7
BRDA:132,14,0,0
BRDA:132,14,1,7
BRDA:132,15,0,7
BRDA:132,15,1,7
BRDA:133,16,0,7
BRDA:133,16,1,0
BRDA:133,17,0,0
BRDA:133,17,1,7
BRDA:133,18,0,7
BRDA:133,18,1,7
BRDA:133,19,0,0
BRDA:133,19,1,7
BRDA:133,20,0,7
BRDA:133,20,1,7
BRDA:134,21,0,7
BRDA:134,21,1,0
BRDA:134,22,0,0
BRDA:134,22,1,7
BRDA:134,23,0,7
BRDA:134,23,1,7
BRDA:134,24,0,0
BRDA:134,24,1,7
BRDA:134,25,0,7
BRDA:134,25,1,7
BRDA:138,26,0,7
BRDA:138,26,1,0
BRDA:141,27,0,7
BRDA:141,27,1,4
BRDA:141,28,0,4
BRDA:141,28,1,3
BRDA:141,29,0,7
BRDA:141,29,1,7
BRDA:141,30,0,4
BRDA:141,30,1,3
BRDA:141,31,0,7
BRDA:141,31,1,7
BRDA:142,32,0,7
BRDA:142,32,1,3
BRDA:150,33,0,5
BRDA:150,33,1,0
BRDA:150,34,0,0
BRDA:150,34,1,5
BRDA:150,35,0,5
BRDA:150,35,1,5
BRDA:150,36,0,0
BRDA:150,36,1,5
BRDA:150,37,0,5
BRDA:150,37,1,5
BRDA:151,38,0,5
BRDA:151,38,1,0
BRDA:151,39,0,0
BRDA:151,39,1,5
BRDA:151,40,0,5
BRDA:151,40,1,5
BRDA:151,41,0,0
BRDA:151,41,1,5
BRDA:151,42,0,5
BRDA:151,42,1,5
BRDA:152,43,0,5
BRDA:152,43,1,0
BRDA:152,44,0,0
BRDA:152,44,1,5
BRDA:152,45,0,5
BRDA:152,45,1,5
BRDA:152,46,0,0
BRDA:152,46,1,5
BRDA:152,47,0,5
BRDA:152,47,1,5
BRDA:153,48,0,5
BRDA:153,48,1,3
BRDA:153,49,0,3
BRDA:153,49,1,2
BRDA:153,50,0,5
BRDA:153,50,1,5
BRDA:153,51,0,3
BRDA:153,51,1,2
BRDA:153,52,0,5
BRDA:153,52,1,5
BRDA:157,53,0,5
BRDA:157,53,1,2
BRDA:158,54,0,5
BRDA:158,54,1,0
BRDA:159,55,0,2
BRDA:159,55,1,0
BRDA:159,56,0,0
BRDA:159,56,1,2
BRDA:159,57,0,2
BRDA:159,57,1,2
BRDA:159,58,0,0
BRDA:159,58,1,2
BRDA:159,59,0,2
BRDA:159,59,1,2
BRDA:169,60,0,0
BRDA:174,61,0,0
BRDA:179,62,0,0
BRDA:184,63,0,2
BRDA:184,63,1,0
BRDA:184,64,0,0
BRDA:184,64,1,2
BRDA:184,65,0,2
BRDA:184,65,1,2
BRDA:198,66,0,2
BRDA:198,66,1,0
BRDA:208,67,0,1
BRDA:208,67,1,1
BRDA:208,67,2,0
BRDA:208,67,3,0
BRDA:208,67,4,0
BRDA:213,68,0,0
BRDA:213,69,0,1
BRDA:213,69,1,1
BRDA:219,70,0,0
BRDA:219,71,0,0
BRDA:219,71,1,0
BRDA:229,72,0,0
BRDA:229,72,1,0
BRDA:257,73,0,0
BRDA:275,74,0,0
BRDA:275,74,1,2
BRDA:275,75,0,2
BRDA:275,75,1,2
BRDA:276,76,0,0
BRDA:276,76,1,2
BRDA:276,77,0,2
BRDA:276,77,1,2
BRDA:318,78,0,0
BRDA:318,79,0,6
BRDA:318,79,1,6
BRDA:322,80,0,6
BRDA:322,80,1,0
BRDA:327,81,0,0
BRDA:327,81,1,6
BRDA:327,82,0,6
BRDA:327,82,1,6
BRDA:329,83,0,1
BRDA:329,84,0,6
BRDA:329,84,1,1
BRDA:347,85,0,0
BRDA:347,86,0,0
BRDA:347,86,1,1
BRDA:347,87,0,1
BRDA:347,87,1,1
BRDA:351,88,0,0
BRDA:351,89,0,0
BRDA:351,89,1,1
BRDA:351,90,0,1
BRDA:351,90,1,1
BRDA:364,91,0,0
BRDA:375,92,0,0
BRDA:375,92,1,0
BRDA:391,93,0,0
BRDA:391,93,1,0
BRDA:392,94,0,0
BRDA:392,94,1,0
BRDA:392,95,0,0
BRDA:392,95,1,0
BRDA:393,96,0,0
BRDA:393,96,1,0
BRDA:393,97,0,0
BRDA:393,97,1,0
BRDA:393,98,0,0
BRDA:393,98,1,0
BRDA:393,99,0,0
BRDA:393,99,1,0
BRDA:401,100,0,0
BRDA:401,100,1,0
BRDA:424,101,0,0
BRDA:424,102,0,0
BRDA:424,102,1,1
BRDA:424,103,0,1
BRDA:424,103,1,1
BRDA:428,104,0,1
BRDA:428,104,1,1
BRDA:428,105,0,0
BRDA:428,105,1,1
BRDA:428,106,0,1
BRDA:428,106,1,1
BRDA:440,107,0,3
BRDA:440,107,1,0
BRDA:442,108,0,0
BRDA:442,108,1,0
BRDA:444,109,0,3
BRDA:444,109,1,0
BRDA:446,110,0,1
BRDA:446,111,0,6
BRDA:446,111,1,2
BRDA:451,112,0,5
BRDA:451,112,1,4
BRDA:464,113,0,1
BRDA:464,113,1,0
BRDA:465,114,0,0
BRDA:469,115,0,0
BRDA:473,116,0,1
BRDA:473,116,1,0
BRDA:477,117,0,0
BRDA:487,118,0,1
BRDA:487,118,1,1
BRDA:489,119,0,1
BRDA:489,119,1,1
BRDA:493,120,0,1
BRDA:493,120,1,1
BRDA:494,121,0,1
BRDA:494,121,1,0
BRDA:515,122,0,0
BRDA:519,123,0,2
BRDA:519,123,1,0
BRDA:520,124,0,0
BRDA:531,125,0,2
BRDA:531,125,1,2
BRDA:536,126,0,2
BRDA:536,126,1,0
BRDA:542,127,0,2
BRDA:542,127,1,0
BRDA:542,128,0,0
BRDA:542,128,1,2
BRDA:542,129,0,2
BRDA:542,129,1,2
BRDA:570,130,0,1
BRDA:570,130,1,0
BRDA:572,131,0,0
BRDA:572,131,1,0
BRF:256
BRH:151
end_of_record
TN:
SF:src/core/coupon/coupon.controller.ts
FN:8,(anonymous_7)
FN:12,(anonymous_8)
FN:12,(anonymous_9)
FN:125,(anonymous_10)
FN:125,(anonymous_11)
FN:180,(anonymous_12)
FN:180,(anonymous_13)
FN:258,(anonymous_14)
FN:258,(anonymous_15)
FN:302,(anonymous_16)
FN:302,(anonymous_17)
FNF:11
FNH:1
FNDA:2,(anonymous_7)
FNDA:0,(anonymous_8)
FNDA:0,(anonymous_9)
FNDA:0,(anonymous_10)
FNDA:0,(anonymous_11)
FNDA:0,(anonymous_12)
FNDA:0,(anonymous_13)
FNDA:0,(anonymous_14)
FNDA:0,(anonymous_15)
FNDA:0,(anonymous_16)
FNDA:0,(anonymous_17)
DA:2,2
DA:3,2
DA:4,2
DA:5,2
DA:6,2
DA:8,2
DA:12,2
DA:13,0
DA:14,0
DA:15,0
DA:16,0
DA:20,0
DA:23,0
DA:24,0
DA:25,0
DA:29,0
DA:32,0
DA:33,0
DA:37,0
DA:40,0
DA:41,0
DA:42,0
DA:46,0
DA:61,0
DA:63,0
DA:64,0
DA:68,0
DA:71,0
DA:87,0
DA:88,0
DA:91,0
DA:96,0
DA:102,0
DA:105,0
DA:108,0
DA:114,0
DA:115,0
DA:125,2
DA:126,0
DA:127,0
DA:128,0
DA:129,0
DA:133,0
DA:136,0
DA:137,0
DA:138,0
DA:142,0
DA:145,0
DA:146,0
DA:150,0
DA:153,0
DA:154,0
DA:155,0
DA:159,0
DA:162,0
DA:164,0
DA:169,0
DA:170,0
DA:180,2
DA:181,0
DA:182,0
DA:183,0
DA:184,0
DA:188,0
DA:191,0
DA:192,0
DA:193,0
DA:197,0
DA:200,0
DA:201,0
DA:205,0
DA:208,0
DA:209,0
DA:210,0
DA:214,0
DA:217,0
DA:220,0
DA:221,0
DA:222,0
DA:226,0
DA:230,0
DA:231,0
DA:235,0
DA:238,0
DA:239,0
DA:241,0
DA:247,0
DA:248,0
DA:258,2
DA:259,0
DA:260,0
DA:262,0
DA:263,0
DA:267,0
DA:270,0
DA:277,0
DA:278,0
DA:283,0
DA:286,0
DA:291,0
DA:292,0
DA:302,2
DA:303,0
DA:304,0
DA:306,0
DA:310,0
DA:315,0
DA:316,0
DA:324,2
LF:109
LH:12
BRDA:14,0,0,0
BRDA:14,0,1,0
BRDA:14,1,0,0
BRDA:14,1,1,0
BRDA:15,2,0,0
BRDA:24,3,0,0
BRDA:32,4,0,0
BRDA:41,5,0,0
BRDA:41,6,0,0
BRDA:41,6,1,0
BRDA:63,7,0,0
BRDA:63,8,0,0
BRDA:63,8,1,0
BRDA:63,8,2,0
BRDA:82,9,0,0
BRDA:82,9,1,0
BRDA:83,10,0,0
BRDA:83,10,1,0
BRDA:91,11,0,0
BRDA:91,11,1,0
BRDA:117,12,0,0
BRDA:117,12,1,0
BRDA:127,13,0,0
BRDA:127,13,1,0
BRDA:127,14,0,0
BRDA:127,14,1,0
BRDA:128,15,0,0
BRDA:137,16,0,0
BRDA:145,17,0,0
BRDA:154,18,0,0
BRDA:154,19,0,0
BRDA:154,19,1,0
BRDA:172,20,0,0
BRDA:172,20,1,0
BRDA:182,21,0,0
BRDA:182,21,1,0
BRDA:182,22,0,0
BRDA:182,22,1,0
BRDA:183,23,0,0
BRDA:192,24,0,0
BRDA:200,25,0,0
BRDA:209,26,0,0
BRDA:209,27,0,0
BRDA:209,27,1,0
BRDA:221,28,0,0
BRDA:230,29,0,0
BRDA:230,30,0,0
BRDA:230,30,1,0
BRDA:250,31,0,0
BRDA:250,31,1,0
BRDA:262,32,0,0
BRDA:262,33,0,0
BRDA:262,33,1,0
BRDA:262,33,2,0
BRDA:277,34,0,0
BRDA:280,35,0,0
BRDA:280,35,1,0
BRDA:294,36,0,0
BRDA:294,36,1,0
BRDA:318,37,0,0
BRDA:318,37,1,0
BRF:61
BRH:0
end_of_record
TN:
SF:src/core/coupon/coupon.service.ts
FN:25,(anonymous_7)
FN:51,(anonymous_9)
FN:76,(anonymous_11)
FN:80,(anonymous_13)
FN:89,(anonymous_15)
FN:128,(anonymous_17)
FN:208,(anonymous_19)
FNF:7
FNH:0
FNDA:0,(anonymous_7)
FNDA:0,(anonymous_9)
FNDA:0,(anonymous_11)
FNDA:0,(anonymous_13)
FNDA:0,(anonymous_15)
FNDA:0,(anonymous_17)
FNDA:0,(anonymous_19)
DA:1,2
DA:2,2
DA:24,2
DA:27,0
DA:28,0
DA:29,0
DA:32,0
DA:48,0
DA:52,0
DA:77,0
DA:81,0
DA:90,0
DA:91,0
DA:109,0
DA:110,0
DA:117,0
DA:120,0
DA:141,0
DA:143,0
DA:144,0
DA:145,0
DA:148,0
DA:150,0
DA:151,0
DA:154,0
DA:155,0
DA:158,0
DA:159,0
DA:162,0
DA:163,0
DA:166,0
DA:167,0
DA:170,0
DA:171,0
DA:174,0
DA:175,0
DA:176,0
DA:180,0
DA:181,0
DA:185,0
DA:188,0
DA:192,0
DA:193,0
DA:196,0
DA:197,0
DA:200,0
DA:209,0
DA:221,0
DA:225,2
LF:49
LH:4
BRDA:28,0,0,0
BRDA:33,1,0,0
BRDA:33,1,1,0
BRDA:38,2,0,0
BRDA:38,2,1,0
BRDA:56,3,0,0
BRDA:56,3,1,0
BRDA:57,4,0,0
BRDA:57,4,1,0
BRDA:58,5,0,0
BRDA:58,5,1,0
BRDA:59,6,0,0
BRDA:59,6,1,0
BRDA:60,7,0,0
BRDA:60,7,1,0
BRDA:61,8,0,0
BRDA:61,8,1,0
BRDA:62,9,0,0
BRDA:62,9,1,0
BRDA:63,10,0,0
BRDA:63,10,1,0
BRDA:64,11,0,0
BRDA:64,11,1,0
BRDA:65,12,0,0
BRDA:65,12,1,0
BRDA:66,13,0,0
BRDA:66,13,1,0
BRDA:67,14,0,0
BRDA:67,14,1,0
BRDA:68,15,0,0
BRDA:68,15,1,0
BRDA:69,16,0,0
BRDA:69,16,1,0
BRDA:109,17,0,0
BRDA:109,17,1,0
BRDA:141,18,0,0
BRDA:144,19,0,0
BRDA:150,20,0,0
BRDA:154,21,0,0
BRDA:154,22,0,0
BRDA:154,22,1,0
BRDA:158,23,0,0
BRDA:158,24,0,0
BRDA:158,24,1,0
BRDA:162,25,0,0
BRDA:162,26,0,0
BRDA:162,26,1,0
BRDA:166,27,0,0
BRDA:166,28,0,0
BRDA:166,28,1,0
BRDA:170,29,0,0
BRDA:170,30,0,0
BRDA:170,30,1,0
BRDA:170,30,2,0
BRDA:174,31,0,0
BRDA:174,32,0,0
BRDA:174,32,1,0
BRDA:175,33,0,0
BRDA:180,34,0,0
BRDA:180,35,0,0
BRDA:180,35,1,0
BRDA:185,36,0,0
BRDA:185,36,1,0
BRDA:188,37,0,0
BRDA:188,37,1,0
BRDA:192,38,0,0
BRDA:192,39,0,0
BRDA:192,39,1,0
BRDA:196,40,0,0
BRDA:204,41,0,0
BRDA:204,41,1,0
BRF:71
BRH:0
end_of_record
TN:
SF:src/core/delivery/delivery-tracking.service.ts
FN:17,(anonymous_7)
FN:21,(anonymous_8)
FN:25,(anonymous_9)
FN:29,(anonymous_10)
FN:51,(anonymous_12)
FN:177,(anonymous_14)
FN:184,(anonymous_16)
FNF:7
FNH:0
FNDA:0,(anonymous_7)
FNDA:0,(anonymous_8)
FNDA:0,(anonymous_9)
FNDA:0,(anonymous_10)
FNDA:0,(anonymous_12)
FNDA:0,(anonymous_14)
FNDA:0,(anonymous_16)
DA:1,2
DA:2,2
DA:3,2
DA:4,2
DA:5,2
DA:6,2
DA:14,2
DA:18,0
DA:22,0
DA:26,0
DA:30,0
DA:31,0
DA:34,0
DA:35,0
DA:38,0
DA:46,0
DA:47,0
DA:48,0
DA:52,0
DA:53,0
DA:54,0
DA:57,0
DA:62,0
DA:63,0
DA:66,0
DA:70,0
DA:72,0
DA:73,0
DA:75,0
DA:79,0
DA:81,0
DA:118,0
DA:121,0
DA:123,0
DA:178,0
DA:179,0
DA:180,0
DA:181,0
DA:185,0
DA:190,0
DA:191,0
DA:196,2
LF:42
LH:8
BRDA:18,0,0,0
BRDA:18,0,1,0
BRDA:18,0,2,0
BRDA:18,0,3,0
BRDA:30,1,0,0
BRDA:30,2,0,0
BRDA:30,2,1,0
BRDA:30,3,0,0
BRDA:30,3,1,0
BRDA:30,4,0,0
BRDA:30,4,1,0
BRDA:30,5,0,0
BRDA:30,5,1,0
BRDA:34,6,0,0
BRDA:34,7,0,0
BRDA:34,7,1,0
BRDA:53,8,0,0
BRDA:62,9,0,0
BRDA:73,10,0,0
BRDA:73,10,1,0
BRDA:73,11,0,0
BRDA:73,11,1,0
BRDA:75,12,0,0
BRDA:75,12,1,0
BRDA:75,12,2,0
BRDA:76,13,0,0
BRDA:76,13,1,0
BRDA:76,14,0,0
BRDA:76,14,1,0
BRDA:82,15,0,0
BRDA:82,15,1,0
BRDA:82,16,0,0
BRDA:82,16,1,0
BRDA:82,17,0,0
BRDA:82,17,1,0
BRDA:82,18,0,0
BRDA:82,18,1,0
BRDA:82,19,0,0
BRDA:82,19,1,0
BRDA:92,20,0,0
BRDA:92,20,1,0
BRDA:92,21,0,0
BRDA:92,21,1,0
BRDA:92,22,0,0
BRDA:92,22,1,0
BRDA:93,23,0,0
BRDA:93,23,1,0
BRDA:93,24,0,0
BRDA:93,24,1,0
BRDA:94,25,0,0
BRDA:94,25,1,0
BRDA:94,26,0,0
BRDA:94,26,1,0
BRDA:101,27,0,0
BRDA:101,27,1,0
BRDA:101,28,0,0
BRDA:101,28,1,0
BRDA:101,29,0,0
BRDA:101,29,1,0
BRDA:101,30,0,0
BRDA:101,30,1,0
BRDA:102,31,0,0
BRDA:102,31,1,0
BRDA:102,32,0,0
BRDA:102,32,1,0
BRDA:102,33,0,0
BRDA:102,33,1,0
BRDA:102,34,0,0
BRDA:102,34,1,0
BRDA:103,35,0,0
BRDA:103,35,1,0
BRDA:103,36,0,0
BRDA:103,36,1,0
BRDA:108,37,0,0
BRDA:108,37,1,0
BRDA:108,38,0,0
BRDA:108,38,1,0
BRDA:108,39,0,0
BRDA:108,39,1,0
BRDA:108,40,0,0
BRDA:108,40,1,0
BRDA:109,41,0,0
BRDA:109,41,1,0
BRDA:109,42,0,0
BRDA:109,42,1,0
BRDA:118,43,0,0
BRDA:118,43,1,0
BRDA:118,44,0,0
BRDA:118,44,1,0
BRDA:121,45,0,0
BRDA:121,45,1,0
BRDA:128,46,0,0
BRDA:128,46,1,0
BRDA:128,47,0,0
BRDA:128,47,1,0
BRDA:136,48,0,0
BRDA:136,48,1,0
BRDA:136,49,0,0
BRDA:136,49,1,0
BRDA:140,50,0,0
BRDA:140,50,1,0
BRDA:146,51,0,0
BRDA:146,51,1,0
BRDA:155,52,0,0
BRDA:155,52,1,0
BRF:105
BRH:0
end_of_record
TN:
SF:src/core/delivery/delivery.controller.ts
FN:14,(anonymous_8)
FN:79,(anonymous_10)
FN:134,(anonymous_12)
FN:221,(anonymous_14)
FN:247,(anonymous_16)
FN:267,(anonymous_18)
FN:280,(anonymous_20)
FN:300,(anonymous_21)
FN:323,(anonymous_23)
FN:343,(anonymous_25)
FN:363,(anonymous_27)
FN:384,(anonymous_29)
FN:403,(anonymous_31)
FN:434,(anonymous_33)
FN:460,(anonymous_35)
FN:489,(anonymous_37)
FN:524,(anonymous_39)
FN:536,(anonymous_41)
FN:544,(anonymous_42)
FN:545,(anonymous_43)
FN:546,(anonymous_44)
FN:553,(anonymous_45)
FN:581,(anonymous_46)
FN:593,(anonymous_48)
FN:600,(anonymous_49)
FN:606,(anonymous_50)
FN:606,(anonymous_51)
FN:628,(anonymous_52)
FN:629,(anonymous_53)
FN:650,(anonymous_54)
FN:686,(anonymous_56)
FN:694,(anonymous_57)
FN:695,(anonymous_58)
FN:696,(anonymous_59)
FN:703,(anonymous_60)
FN:704,(anonymous_61)
FN:712,(anonymous_62)
FN:735,(anonymous_63)
FN:740,(anonymous_64)
FN:744,(anonymous_65)
FN:782,(anonymous_66)
FNF:41
FNH:0
FNDA:0,(anonymous_8)
FNDA:0,(anonymous_10)
FNDA:0,(anonymous_12)
FNDA:0,(anonymous_14)
FNDA:0,(anonymous_16)
FNDA:0,(anonymous_18)
FNDA:0,(anonymous_20)
FNDA:0,(anonymous_21)
FNDA:0,(anonymous_23)
FNDA:0,(anonymous_25)
FNDA:0,(anonymous_27)
FNDA:0,(anonymous_29)
FNDA:0,(anonymous_31)
FNDA:0,(anonymous_33)
FNDA:0,(anonymous_35)
FNDA:0,(anonymous_37)
FNDA:0,(anonymous_39)
FNDA:0,(anonymous_41)
FNDA:0,(anonymous_42)
FNDA:0,(anonymous_43)
FNDA:0,(anonymous_44)
FNDA:0,(anonymous_45)
FNDA:0,(anonymous_46)
FNDA:0,(anonymous_48)
FNDA:0,(anonymous_49)
FNDA:0,(anonymous_50)
FNDA:0,(anonymous_51)
FNDA:0,(anonymous_52)
FNDA:0,(anonymous_53)
FNDA:0,(anonymous_54)
FNDA:0,(anonymous_56)
FNDA:0,(anonymous_57)
FNDA:0,(anonymous_58)
FNDA:0,(anonymous_59)
FNDA:0,(anonymous_60)
FNDA:0,(anonymous_61)
FNDA:0,(anonymous_62)
FNDA:0,(anonymous_63)
FNDA:0,(anonymous_64)
FNDA:0,(anonymous_65)
FNDA:0,(anonymous_66)
DA:3,2
DA:4,2
DA:5,2
DA:6,2
DA:7,2
DA:8,2
DA:15,0
DA:17,0
DA:18,0
DA:19,0
DA:23,0
DA:26,0
DA:27,0
DA:28,0
DA:32,0
DA:35,0
DA:36,0
DA:40,0
DA:44,0
DA:45,0
DA:46,0
DA:50,0
DA:53,0
DA:60,0
DA:62,0
DA:68,0
DA:69,0
DA:80,0
DA:82,0
DA:83,0
DA:84,0
DA:88,0
DA:91,0
DA:92,0
DA:93,0
DA:97,0
DA:100,0
DA:101,0
DA:105,0
DA:108,0
DA:115,0
DA:117,0
DA:123,0
DA:124,0
DA:135,0
DA:137,0
DA:138,0
DA:139,0
DA:143,0
DA:146,0
DA:147,0
DA:148,0
DA:152,0
DA:155,0
DA:156,0
DA:160,0
DA:164,0
DA:165,0
DA:166,0
DA:170,0
DA:173,0
DA:174,0
DA:176,0
DA:177,0
DA:181,0
DA:185,0
DA:186,0
DA:187,0
DA:191,0
DA:194,0
DA:195,0
DA:199,0
DA:202,0
DA:203,0
DA:204,0
DA:206,0
DA:212,0
DA:213,0
DA:222,0
DA:223,0
DA:225,0
DA:226,0
DA:227,0
DA:228,0
DA:229,0
DA:233,0
DA:239,0
DA:248,0
DA:249,0
DA:251,0
DA:253,0
DA:258,0
DA:259,0
DA:268,0
DA:269,0
DA:280,0
DA:281,0
DA:284,0
DA:286,0
DA:292,0
DA:301,0
DA:302,0
DA:303,0
DA:305,0
DA:306,0
DA:308,0
DA:314,0
DA:315,0
DA:324,0
DA:325,0
DA:327,0
DA:329,0
DA:334,0
DA:335,0
DA:344,0
DA:345,0
DA:347,0
DA:349,0
DA:355,0
DA:364,0
DA:365,0
DA:366,0
DA:368,0
DA:370,0
DA:376,0
DA:385,0
DA:386,0
DA:388,0
DA:390,0
DA:395,0
DA:404,0
DA:405,0
DA:406,0
DA:408,0
DA:409,0
DA:413,0
DA:416,0
DA:417,0
DA:419,0
DA:425,0
DA:426,0
DA:435,0
DA:436,0
DA:437,0
DA:439,0
DA:440,0
DA:441,0
DA:442,0
DA:445,0
DA:451,0
DA:452,0
DA:461,0
DA:462,0
DA:464,0
DA:465,0
DA:466,0
DA:470,0
DA:473,0
DA:475,0
DA:481,0
DA:490,0
DA:491,0
DA:492,0
DA:494,0
DA:495,0
DA:499,0
DA:502,0
DA:506,0
DA:507,0
DA:509,0
DA:515,0
DA:516,0
DA:525,0
DA:526,0
DA:528,0
DA:536,0
DA:537,0
DA:540,0
DA:543,0
DA:544,0
DA:545,0
DA:546,0
DA:547,0
DA:550,0
DA:553,0
DA:554,0
DA:555,0
DA:558,0
DA:573,0
DA:582,0
DA:583,0
DA:586,0
DA:593,0
DA:594,0
DA:597,0
DA:600,0
DA:601,0
DA:605,0
DA:606,0
DA:607,0
DA:608,0
DA:609,0
DA:617,0
DA:627,0
DA:628,0
DA:629,0
DA:633,0
DA:642,0
DA:651,0
DA:652,0
DA:656,0
DA:658,0
DA:660,0
DA:661,0
DA:663,0
DA:664,0
DA:666,0
DA:667,0
DA:669,0
DA:670,0
DA:672,0
DA:673,0
DA:675,0
DA:678,0
DA:686,0
DA:687,0
DA:690,0
DA:693,0
DA:694,0
DA:695,0
DA:696,0
DA:697,0
DA:700,0
DA:703,0
DA:704,0
DA:705,0
DA:706,0
DA:708,0
DA:712,0
DA:713,0
DA:714,0
DA:715,0
DA:717,0
DA:718,0
DA:727,0
DA:728,0
DA:729,0
DA:731,0
DA:734,0
DA:735,0
DA:739,0
DA:740,0
DA:744,0
DA:745,0
DA:748,0
DA:774,0
DA:783,0
DA:784,0
DA:785,0
DA:787,0
DA:788,0
DA:792,0
DA:795,0
DA:796,0
DA:797,0
DA:801,0
DA:805,0
DA:806,0
DA:810,0
DA:813,0
DA:819,0
DA:820,0
DA:822,0
DA:833,0
DA:835,0
DA:843,2
LF:276
LH:7
BRDA:17,0,0,0
BRDA:17,0,1,0
BRDA:17,1,0,0
BRDA:17,1,1,0
BRDA:18,2,0,0
BRDA:27,3,0,0
BRDA:35,4,0,0
BRDA:45,5,0,0
BRDA:56,6,0,0
BRDA:56,6,1,0
BRDA:57,7,0,0
BRDA:57,7,1,0
BRDA:71,8,0,0
BRDA:71,8,1,0
BRDA:82,9,0,0
BRDA:82,9,1,0
BRDA:82,10,0,0
BRDA:82,10,1,0
BRDA:83,11,0,0
BRDA:92,12,0,0
BRDA:100,13,0,0
BRDA:111,14,0,0
BRDA:111,14,1,0
BRDA:112,15,0,0
BRDA:112,15,1,0
BRDA:126,16,0,0
BRDA:126,16,1,0
BRDA:137,17,0,0
BRDA:137,17,1,0
BRDA:137,18,0,0
BRDA:137,18,1,0
BRDA:138,19,0,0
BRDA:147,20,0,0
BRDA:155,21,0,0
BRDA:165,22,0,0
BRDA:176,23,0,0
BRDA:186,24,0,0
BRDA:194,25,0,0
BRDA:194,26,0,0
BRDA:194,26,1,0
BRDA:194,27,0,0
BRDA:194,27,1,0
BRDA:215,28,0,0
BRDA:215,28,1,0
BRDA:226,29,0,0
BRDA:226,30,0,0
BRDA:226,30,1,0
BRDA:226,31,0,0
BRDA:226,31,1,0
BRDA:226,32,0,0
BRDA:226,32,1,0
BRDA:226,33,0,0
BRDA:226,33,1,0
BRDA:228,34,0,0
BRDA:258,35,0,0
BRDA:258,35,1,0
BRDA:275,36,0,0
BRDA:275,36,1,0
BRDA:276,37,0,0
BRDA:276,37,1,0
BRDA:281,38,0,0
BRDA:281,38,1,0
BRDA:314,39,0,0
BRDA:314,39,1,0
BRDA:334,40,0,0
BRDA:334,40,1,0
BRDA:366,41,0,0
BRDA:366,41,1,0
BRDA:408,42,0,0
BRDA:425,43,0,0
BRDA:425,43,1,0
BRDA:441,44,0,0
BRDA:441,45,0,0
BRDA:441,45,1,0
BRDA:441,46,0,0
BRDA:441,46,1,0
BRDA:441,47,0,0
BRDA:441,47,1,0
BRDA:441,48,0,0
BRDA:441,48,1,0
BRDA:451,49,0,0
BRDA:451,49,1,0
BRDA:465,50,0,0
BRDA:494,51,0,0
BRDA:494,52,0,0
BRDA:494,52,1,0
BRDA:515,53,0,0
BRDA:515,53,1,0
BRDA:529,54,0,0
BRDA:529,54,1,0
BRDA:530,55,0,0
BRDA:530,55,1,0
BRDA:537,56,0,0
BRDA:537,56,1,0
BRDA:550,57,0,0
BRDA:550,57,1,0
BRDA:554,58,0,0
BRDA:554,58,1,0
BRDA:594,59,0,0
BRDA:594,59,1,0
BRDA:652,60,0,0
BRDA:658,61,0,0
BRDA:658,61,1,0
BRDA:658,61,2,0
BRDA:658,61,3,0
BRDA:658,61,4,0
BRDA:658,61,5,0
BRDA:687,62,0,0
BRDA:687,62,1,0
BRDA:700,63,0,0
BRDA:700,63,1,0
BRDA:713,64,0,0
BRDA:714,65,0,0
BRDA:714,65,1,0
BRDA:715,66,0,0
BRDA:715,66,1,0
BRDA:717,67,0,0
BRDA:728,68,0,0
BRDA:729,69,0,0
BRDA:787,70,0,0
BRDA:796,71,0,0
BRDA:805,72,0,0
BRDA:805,73,0,0
BRDA:805,73,1,0
BRDA:815,74,0,0
BRDA:815,74,1,0
BRDA:816,75,0,0
BRDA:816,75,1,0
BRDA:827,76,0,0
BRDA:827,76,1,0
BRDA:833,77,0,0
BRDA:833,77,1,0
BRDA:834,78,0,0
BRDA:834,78,1,0
BRF:134
BRH:0
end_of_record
TN:
SF:src/core/delivery/delivery.service.ts
FN:39,(anonymous_7)
FN:43,(anonymous_8)
FN:88,(anonymous_10)
FN:191,(anonymous_12)
FN:215,(anonymous_14)
FN:215,(anonymous_15)
FN:235,(anonymous_16)
FN:255,(anonymous_17)
FN:307,(anonymous_19)
FN:359,(anonymous_21)
FN:419,(anonymous_23)
FN:431,(anonymous_24)
FN:435,(anonymous_25)
FN:463,(anonymous_27)
FN:463,(anonymous_28)
FN:470,(anonymous_29)
FN:488,(anonymous_30)
FN:495,(anonymous_32)
FN:502,(anonymous_33)
FN:503,(anonymous_34)
FN:504,(anonymous_35)
FN:508,(anonymous_36)
FN:514,(anonymous_37)
FN:537,(anonymous_38)
FN:586,(anonymous_40)
FNF:25
FNH:1
FNDA:2,(anonymous_7)
FNDA:0,(anonymous_8)
FNDA:0,(anonymous_10)
FNDA:0,(anonymous_12)
FNDA:0,(anonymous_14)
FNDA:0,(anonymous_15)
FNDA:0,(anonymous_16)
FNDA:0,(anonymous_17)
FNDA:0,(anonymous_19)
FNDA:0,(anonymous_21)
FNDA:0,(anonymous_23)
FNDA:0,(anonymous_24)
FNDA:0,(anonymous_25)
FNDA:0,(anonymous_27)
FNDA:0,(anonymous_28)
FNDA:0,(anonymous_29)
FNDA:0,(anonymous_30)
FNDA:0,(anonymous_32)
FNDA:0,(anonymous_33)
FNDA:0,(anonymous_34)
FNDA:0,(anonymous_35)
FNDA:0,(anonymous_36)
FNDA:0,(anonymous_37)
FNDA:0,(anonymous_38)
FNDA:0,(anonymous_40)
DA:1,2
DA:2,2
DA:3,2
DA:5,2
DA:6,2
DA:7,2
DA:8,2
DA:40,2
DA:52,0
DA:53,0
DA:55,0
DA:56,0
DA:64,0
DA:65,0
DA:66,0
DA:74,0
DA:75,0
DA:76,0
DA:77,0
DA:89,0
DA:90,0
DA:91,0
DA:94,0
DA:95,0
DA:96,0
DA:99,0
DA:103,0
DA:104,0
DA:105,0
DA:108,0
DA:109,0
DA:112,0
DA:113,0
DA:118,0
DA:119,0
DA:128,0
DA:129,0
DA:132,0
DA:134,0
DA:135,0
DA:136,0
DA:137,0
DA:141,0
DA:155,0
DA:157,0
DA:158,0
DA:160,0
DA:161,0
DA:163,0
DA:175,0
DA:186,0
DA:192,0
DA:193,0
DA:194,0
DA:197,0
DA:207,0
DA:208,0
DA:210,0
DA:215,0
DA:216,0
DA:217,0
DA:219,0
DA:220,0
DA:221,0
DA:223,0
DA:224,0
DA:225,0
DA:226,0
DA:229,0
DA:230,0
DA:235,0
DA:238,0
DA:250,0
DA:256,0
DA:257,0
DA:258,0
DA:261,0
DA:262,0
DA:264,0
DA:271,0
DA:272,0
DA:275,0
DA:276,0
DA:279,0
DA:280,0
DA:283,0
DA:284,0
DA:287,0
DA:288,0
DA:291,0
DA:292,0
DA:295,0
DA:297,0
DA:298,0
DA:301,0
DA:303,0
DA:308,0
DA:309,0
DA:310,0
DA:313,0
DA:315,0
DA:316,0
DA:318,0
DA:326,0
DA:329,0
DA:330,0
DA:333,0
DA:334,0
DA:336,0
DA:337,0
DA:338,0
DA:339,0
DA:342,0
DA:353,0
DA:360,0
DA:361,0
DA:372,0
DA:374,0
DA:375,0
DA:377,0
DA:378,0
DA:380,0
DA:381,0
DA:382,0
DA:383,0
DA:384,0
DA:386,0
DA:387,0
DA:390,0
DA:415,0
DA:420,0
DA:421,0
DA:422,0
DA:424,0
DA:427,0
DA:428,0
DA:432,0
DA:436,0
DA:437,0
DA:438,0
DA:441,0
DA:442,0
DA:443,0
DA:446,0
DA:459,0
DA:463,0
DA:464,0
DA:465,0
DA:466,0
DA:469,0
DA:470,0
DA:472,0
DA:484,0
DA:489,0
DA:490,0
DA:491,0
DA:494,0
DA:495,0
DA:497,0
DA:501,0
DA:502,0
DA:503,0
DA:504,0
DA:505,0
DA:508,0
DA:509,0
DA:512,0
DA:513,0
DA:514,0
DA:515,0
DA:516,0
DA:517,0
DA:520,0
DA:523,0
DA:533,0
DA:538,0
DA:539,0
DA:540,0
DA:542,0
DA:543,0
DA:546,0
DA:547,0
DA:548,0
DA:550,0
DA:551,0
DA:552,0
DA:553,0
DA:556,0
DA:557,0
DA:558,0
DA:559,0
DA:562,0
DA:563,0
DA:576,0
DA:582,0
DA:587,0
DA:588,0
DA:589,0
DA:591,0
DA:592,0
DA:594,0
DA:597,0
DA:598,0
DA:599,0
DA:600,0
DA:603,0
DA:612,0
DA:613,0
DA:616,0
DA:619,0
DA:620,0
DA:621,0
DA:622,0
DA:628,0
DA:629,0
DA:631,0
DA:632,0
DA:633,0
DA:636,0
DA:637,0
DA:639,0
DA:652,0
DA:668,0
DA:673,2
LF:224
LH:9
BRDA:53,0,0,0
BRDA:53,0,1,0
BRDA:53,1,0,0
BRDA:53,1,1,0
BRDA:55,2,0,0
BRDA:65,3,0,0
BRDA:65,4,0,0
BRDA:65,4,1,0
BRDA:65,5,0,0
BRDA:65,5,1,0
BRDA:65,6,0,0
BRDA:65,6,1,0
BRDA:74,7,0,0
BRDA:74,8,0,0
BRDA:74,8,1,0
BRDA:76,9,0,0
BRDA:76,10,0,0
BRDA:76,10,1,0
BRDA:76,11,0,0
BRDA:76,11,1,0
BRDA:90,12,0,0
BRDA:95,13,0,0
BRDA:103,14,0,0
BRDA:104,15,0,0
BRDA:108,16,0,0
BRDA:112,17,0,0
BRDA:112,18,0,0
BRDA:112,18,1,0
BRDA:118,19,0,0
BRDA:118,19,1,0
BRDA:121,20,0,0
BRDA:121,20,1,0
BRDA:121,21,0,0
BRDA:121,21,1,0
BRDA:121,22,0,0
BRDA:121,22,1,0
BRDA:122,23,0,0
BRDA:122,23,1,0
BRDA:122,24,0,0
BRDA:122,24,1,0
BRDA:122,25,0,0
BRDA:122,25,1,0
BRDA:124,26,0,0
BRDA:124,26,1,0
BRDA:124,26,2,0
BRDA:128,27,0,0
BRDA:135,28,0,0
BRDA:136,29,0,0
BRDA:136,30,0,0
BRDA:136,30,1,0
BRDA:145,31,0,0
BRDA:145,31,1,0
BRDA:152,32,0,0
BRDA:152,32,1,0
BRDA:167,33,0,0
BRDA:167,33,1,0
BRDA:167,34,0,0
BRDA:167,34,1,0
BRDA:193,35,0,0
BRDA:207,36,0,0
BRDA:215,37,0,0
BRDA:219,38,0,0
BRDA:220,39,0,0
BRDA:221,40,0,0
BRDA:223,41,0,0
BRDA:223,42,0,0
BRDA:223,42,1,0
BRDA:225,43,0,0
BRDA:226,44,0,0
BRDA:229,45,0,0
BRDA:229,46,0,0
BRDA:229,46,1,0
BRDA:231,47,0,0
BRDA:231,47,1,0
BRDA:232,48,0,0
BRDA:232,48,1,0
BRDA:257,49,0,0
BRDA:262,50,0,0
BRDA:271,51,0,0
BRDA:271,52,0,0
BRDA:271,52,1,0
BRDA:275,53,0,0
BRDA:279,54,0,0
BRDA:283,55,0,0
BRDA:287,56,0,0
BRDA:291,57,0,0
BRDA:297,58,0,0
BRDA:309,59,0,0
BRDA:313,60,0,0
BRDA:313,60,1,0
BRDA:313,60,2,0
BRDA:322,61,0,0
BRDA:322,61,1,0
BRDA:322,62,0,0
BRDA:322,62,1,0
BRDA:337,63,0,0
BRDA:345,64,0,0
BRDA:345,64,1,0
BRDA:346,65,0,0
BRDA:346,65,1,0
BRDA:346,66,0,0
BRDA:346,66,1,0
BRDA:372,67,0,0
BRDA:380,68,0,0
BRDA:380,69,0,0
BRDA:380,69,1,0
BRDA:409,70,0,0
BRDA:409,70,1,0
BRDA:410,71,0,0
BRDA:410,71,1,0
BRDA:411,72,0,0
BRDA:411,72,1,0
BRDA:411,73,0,0
BRDA:411,73,1,0
BRDA:437,74,0,0
BRDA:442,75,0,0
BRDA:463,76,0,0
BRDA:465,77,0,0
BRDA:490,78,0,0
BRDA:509,79,0,0
BRDA:509,79,1,0
BRDA:509,79,2,0
BRDA:509,80,0,0
BRDA:509,80,1,0
BRDA:509,81,0,0
BRDA:509,81,1,0
BRDA:513,82,0,0
BRDA:528,83,0,0
BRDA:528,83,1,0
BRDA:540,84,0,0
BRDA:542,85,0,0
BRDA:551,86,0,0
BRDA:557,87,0,0
BRDA:562,88,0,0
BRDA:567,89,0,0
BRDA:567,89,1,0
BRDA:567,90,0,0
BRDA:567,90,1,0
BRDA:589,91,0,0
BRDA:592,92,0,0
BRDA:597,93,0,0
BRDA:597,93,1,0
BRDA:599,94,0,0
BRDA:599,95,0,0
BRDA:599,95,1,0
BRDA:599,95,2,0
BRDA:605,96,0,0
BRDA:605,96,1,0
BRDA:605,97,0,0
BRDA:605,97,1,0
BRDA:605,98,0,0
BRDA:605,98,1,0
BRDA:606,99,0,0
BRDA:606,99,1,0
BRDA:606,100,0,0
BRDA:606,100,1,0
BRDA:606,101,0,0
BRDA:606,101,1,0
BRDA:608,102,0,0
BRDA:608,102,1,0
BRDA:608,102,2,0
BRDA:612,103,0,0
BRDA:622,104,0,0
BRDA:622,104,1,0
BRDA:631,105,0,0
BRDA:643,106,0,0
BRDA:643,106,1,0
BRDA:643,107,0,0
BRDA:643,107,1,0
BRDA:655,108,0,0
BRDA:655,108,1,0
BRF:171
BRH:0
end_of_record
TN:
SF:src/core/driver/driver.controller.ts
FN:11,(anonymous_7)
FN:18,(anonymous_8)
FN:18,(anonymous_9)
FN:73,(anonymous_10)
FN:73,(anonymous_11)
FN:446,(anonymous_12)
FN:446,(anonymous_13)
FN:130,(anonymous_14)
FN:173,(anonymous_16)
FN:199,(anonymous_18)
FN:225,(anonymous_20)
FN:260,(anonymous_22)
FN:289,(anonymous_24)
FN:331,(anonymous_26)
FN:363,(anonymous_28)
FN:398,(anonymous_30)
FN:426,(anonymous_32)
FN:507,(anonymous_34)
FN:531,(anonymous_36)
FN:564,(anonymous_38)
FN:588,(anonymous_40)
FN:614,(anonymous_42)
FNF:22
FNH:1
FNDA:2,(anonymous_7)
FNDA:0,(anonymous_8)
FNDA:0,(anonymous_9)
FNDA:0,(anonymous_10)
FNDA:0,(anonymous_11)
FNDA:0,(anonymous_12)
FNDA:0,(anonymous_13)
FNDA:0,(anonymous_14)
FNDA:0,(anonymous_16)
FNDA:0,(anonymous_18)
FNDA:0,(anonymous_20)
FNDA:0,(anonymous_22)
FNDA:0,(anonymous_24)
FNDA:0,(anonymous_26)
FNDA:0,(anonymous_28)
FNDA:0,(anonymous_30)
FNDA:0,(anonymous_32)
FNDA:0,(anonymous_34)
FNDA:0,(anonymous_36)
FNDA:0,(anonymous_38)
FNDA:0,(anonymous_40)
FNDA:0,(anonymous_42)
DA:3,2
DA:4,2
DA:5,2
DA:6,2
DA:8,2
DA:12,2
DA:18,2
DA:19,0
DA:21,0
DA:22,0
DA:23,0
DA:27,0
DA:30,0
DA:31,0
DA:32,0
DA:36,0
DA:39,0
DA:40,0
DA:44,0
DA:47,0
DA:49,0
DA:50,0
DA:54,0
DA:57,0
DA:62,0
DA:63,0
DA:73,2
DA:74,0
DA:76,0
DA:77,0
DA:78,0
DA:82,0
DA:85,0
DA:86,0
DA:87,0
DA:91,0
DA:94,0
DA:95,0
DA:99,0
DA:102,0
DA:104,0
DA:105,0
DA:109,0
DA:112,0
DA:113,0
DA:115,0
DA:121,0
DA:122,0
DA:131,0
DA:132,0
DA:133,0
DA:136,0
DA:137,0
DA:141,0
DA:144,0
DA:145,0
DA:149,0
DA:152,0
DA:154,0
DA:165,0
DA:174,0
DA:175,0
DA:176,0
DA:178,0
DA:179,0
DA:183,0
DA:186,0
DA:191,0
DA:200,0
DA:201,0
DA:202,0
DA:204,0
DA:205,0
DA:209,0
DA:212,0
DA:217,0
DA:226,0
DA:227,0
DA:236,0
DA:237,0
DA:244,0
DA:246,0
DA:252,0
DA:261,0
DA:262,0
DA:263,0
DA:265,0
DA:267,0
DA:268,0
DA:272,0
DA:275,0
DA:281,0
DA:290,0
DA:291,0
DA:292,0
DA:294,0
DA:295,0
DA:299,0
DA:302,0
DA:304,0
DA:305,0
DA:309,0
DA:312,0
DA:314,0
DA:323,0
DA:332,0
DA:333,0
DA:334,0
DA:336,0
DA:338,0
DA:339,0
DA:343,0
DA:346,0
DA:355,0
DA:364,0
DA:365,0
DA:367,0
DA:368,0
DA:372,0
DA:375,0
DA:384,0
DA:390,0
DA:399,0
DA:400,0
DA:402,0
DA:403,0
DA:407,0
DA:410,0
DA:412,0
DA:418,0
DA:427,0
DA:428,0
DA:429,0
DA:431,0
DA:436,0
DA:446,2
DA:447,0
DA:448,0
DA:449,0
DA:450,0
DA:454,0
DA:457,0
DA:458,0
DA:459,0
DA:463,0
DA:466,0
DA:467,0
DA:471,0
DA:474,0
DA:475,0
DA:476,0
DA:480,0
DA:483,0
DA:485,0
DA:491,0
DA:496,0
DA:497,0
DA:508,0
DA:509,0
DA:510,0
DA:512,0
DA:518,0
DA:523,0
DA:532,0
DA:533,0
DA:534,0
DA:536,0
DA:537,0
DA:541,0
DA:544,0
DA:546,0
DA:556,0
DA:565,0
DA:566,0
DA:567,0
DA:569,0
DA:571,0
DA:580,0
DA:589,0
DA:590,0
DA:591,0
DA:593,0
DA:594,0
DA:598,0
DA:601,0
DA:606,0
DA:615,0
DA:616,0
DA:619,0
DA:620,0
DA:621,0
DA:625,0
DA:629,0
DA:630,0
DA:631,0
DA:635,0
DA:639,0
DA:641,0
DA:664,0
DA:672,2
LF:200
LH:10
BRDA:21,0,0,0
BRDA:21,0,1,0
BRDA:21,1,0,0
BRDA:21,1,1,0
BRDA:22,2,0,0
BRDA:31,3,0,0
BRDA:39,4,0,0
BRDA:49,5,0,0
BRDA:65,6,0,0
BRDA:65,6,1,0
BRDA:76,7,0,0
BRDA:76,7,1,0
BRDA:76,8,0,0
BRDA:76,8,1,0
BRDA:77,9,0,0
BRDA:86,10,0,0
BRDA:94,11,0,0
BRDA:104,12,0,0
BRDA:124,13,0,0
BRDA:124,13,1,0
BRDA:448,14,0,0
BRDA:448,14,1,0
BRDA:448,15,0,0
BRDA:448,15,1,0
BRDA:449,16,0,0
BRDA:458,17,0,0
BRDA:466,18,0,0
BRDA:475,19,0,0
BRDA:475,20,0,0
BRDA:475,20,1,0
BRDA:487,21,0,0
BRDA:487,21,1,0
BRDA:488,22,0,0
BRDA:488,22,1,0
BRDA:499,23,0,0
BRDA:499,23,1,0
BRDA:136,24,0,0
BRDA:144,25,0,0
BRDA:144,26,0,0
BRDA:144,26,1,0
BRDA:144,27,0,0
BRDA:144,27,1,0
BRDA:178,28,0,0
BRDA:204,29,0,0
BRDA:228,30,0,0
BRDA:228,30,1,0
BRDA:229,31,0,0
BRDA:229,31,1,0
BRDA:232,32,0,0
BRDA:232,32,1,0
BRDA:236,33,0,0
BRDA:236,34,0,0
BRDA:236,34,1,0
BRDA:236,34,2,0
BRDA:267,35,0,0
BRDA:294,36,0,0
BRDA:294,37,0,0
BRDA:294,37,1,0
BRDA:304,38,0,0
BRDA:338,39,0,0
BRDA:348,40,0,0
BRDA:348,40,1,0
BRDA:365,41,0,0
BRDA:367,42,0,0
BRDA:367,43,0,0
BRDA:367,43,1,0
BRDA:367,43,2,0
BRDA:402,44,0,0
BRDA:402,45,0,0
BRDA:402,45,1,0
BRDA:514,46,0,0
BRDA:514,46,1,0
BRDA:515,47,0,0
BRDA:515,47,1,0
BRDA:525,48,0,0
BRDA:525,48,1,0
BRDA:536,49,0,0
BRDA:536,50,0,0
BRDA:536,50,1,0
BRDA:536,50,2,0
BRDA:550,51,0,0
BRDA:550,51,1,0
BRDA:550,52,0,0
BRDA:550,52,1,0
BRDA:551,53,0,0
BRDA:551,53,1,0
BRDA:551,54,0,0
BRDA:551,54,1,0
BRDA:552,55,0,0
BRDA:552,55,1,0
BRDA:552,56,0,0
BRDA:552,56,1,0
BRDA:573,57,0,0
BRDA:573,57,1,0
BRDA:575,58,0,0
BRDA:575,58,1,0
BRDA:575,59,0,0
BRDA:575,59,1,0
BRDA:576,60,0,0
BRDA:576,60,1,0
BRDA:576,61,0,0
BRDA:576,61,1,0
BRDA:593,62,0,0
BRDA:620,63,0,0
BRDA:620,64,0,0
BRDA:620,64,1,0
BRDA:630,65,0,0
BRDA:639,66,0,0
BRDA:639,66,1,0
BRDA:639,67,0,0
BRDA:639,67,1,0
BRDA:639,68,0,0
BRDA:639,68,1,0
BRF:113
BRH:0
end_of_record
TN:
SF:src/core/driver/driver.service.ts
FN:64,(anonymous_7)
FN:68,(anonymous_8)
FN:88,(anonymous_9)
FN:145,(anonymous_11)
FN:154,(anonymous_13)
FN:164,(anonymous_15)
FN:164,(anonymous_16)
FN:193,(anonymous_17)
FN:216,(anonymous_18)
FN:243,(anonymous_20)
FN:258,(anonymous_22)
FN:272,(anonymous_23)
FN:286,(anonymous_24)
FN:350,(anonymous_26)
FN:378,(anonymous_28)
FN:441,(anonymous_30)
FN:465,(anonymous_32)
FN:563,(anonymous_34)
FN:606,(anonymous_36)
FN:630,(anonymous_37)
FN:656,(anonymous_39)
FNF:21
FNH:1
FNDA:2,(anonymous_7)
FNDA:0,(anonymous_8)
FNDA:0,(anonymous_9)
FNDA:0,(anonymous_11)
FNDA:0,(anonymous_13)
FNDA:0,(anonymous_15)
FNDA:0,(anonymous_16)
FNDA:0,(anonymous_17)
FNDA:0,(anonymous_18)
FNDA:0,(anonymous_20)
FNDA:0,(anonymous_22)
FNDA:0,(anonymous_23)
FNDA:0,(anonymous_24)
FNDA:0,(anonymous_26)
FNDA:0,(anonymous_28)
FNDA:0,(anonymous_30)
FNDA:0,(anonymous_32)
FNDA:0,(anonymous_34)
FNDA:0,(anonymous_36)
FNDA:0,(anonymous_37)
FNDA:0,(anonymous_39)
DA:2,2
DA:3,2
DA:4,2
DA:5,2
DA:6,2
DA:7,2
DA:62,2
DA:65,2
DA:74,0
DA:75,0
DA:76,0
DA:78,0
DA:84,0
DA:89,0
DA:91,0
DA:93,0
DA:94,0
DA:97,0
DA:98,0
DA:102,0
DA:103,0
DA:104,0
DA:108,0
DA:109,0
DA:110,0
DA:113,0
DA:129,0
DA:132,0
DA:138,0
DA:140,0
DA:146,0
DA:147,0
DA:149,0
DA:155,0
DA:156,0
DA:159,0
DA:164,0
DA:165,0
DA:166,0
DA:168,0
DA:169,0
DA:172,0
DA:173,0
DA:176,0
DA:177,0
DA:180,0
DA:181,0
DA:184,0
DA:185,0
DA:188,0
DA:192,0
DA:193,0
DA:194,0
DA:195,0
DA:198,0
DA:205,0
DA:209,0
DA:211,0
DA:217,0
DA:218,0
DA:236,0
DA:238,0
DA:244,0
DA:248,0
DA:249,0
DA:257,0
DA:259,0
DA:260,0
DA:263,0
DA:270,0
DA:273,0
DA:274,0
DA:277,0
DA:281,0
DA:287,0
DA:288,0
DA:289,0
DA:290,0
DA:293,0
DA:294,0
DA:297,0
DA:298,0
DA:299,0
DA:303,0
DA:316,0
DA:319,0
DA:324,0
DA:329,0
DA:340,0
DA:345,0
DA:354,0
DA:355,0
DA:371,0
DA:373,0
DA:379,0
DA:380,0
DA:381,0
DA:382,0
DA:385,0
DA:386,0
DA:387,0
DA:393,0
DA:394,0
DA:395,0
DA:398,0
DA:399,0
DA:400,0
DA:401,0
DA:402,0
DA:403,0
DA:404,0
DA:405,0
DA:406,0
DA:409,0
DA:418,0
DA:419,0
DA:431,0
DA:436,0
DA:442,0
DA:443,0
DA:444,0
DA:447,0
DA:448,0
DA:449,0
DA:453,0
DA:454,0
DA:455,0
DA:456,0
DA:458,0
DA:460,0
DA:466,0
DA:467,0
DA:468,0
DA:469,0
DA:473,0
DA:495,0
DA:501,0
DA:530,0
DA:556,0
DA:579,0
DA:580,0
DA:581,0
DA:586,0
DA:594,0
DA:595,0
DA:596,0
DA:597,0
DA:600,0
DA:604,0
DA:606,0
DA:607,0
DA:608,0
DA:609,0
DA:610,0
DA:612,0
DA:621,0
DA:631,0
DA:632,0
DA:638,0
DA:640,0
DA:649,0
DA:651,0
DA:657,0
DA:658,0
DA:664,0
DA:666,0
DA:669,0
DA:676,0
DA:678,0
DA:683,2
LF:170
LH:9
BRDA:93,0,0,0
BRDA:97,1,0,0
BRDA:103,2,0,0
BRDA:109,3,0,0
BRDA:164,4,0,0
BRDA:168,5,0,0
BRDA:172,6,0,0
BRDA:176,7,0,0
BRDA:180,8,0,0
BRDA:184,9,0,0
BRDA:192,10,0,0
BRDA:194,11,0,0
BRDA:222,12,0,0
BRDA:222,12,1,0
BRDA:246,13,0,0
BRDA:252,14,0,0
BRDA:252,14,1,0
BRDA:259,15,0,0
BRDA:273,16,0,0
BRDA:289,17,0,0
BRDA:293,18,0,0
BRDA:293,19,0,0
BRDA:293,19,1,0
BRDA:298,20,0,0
BRDA:307,21,0,0
BRDA:307,21,1,0
BRDA:381,22,0,0
BRDA:385,23,0,0
BRDA:389,24,0,0
BRDA:389,24,1,0
BRDA:399,25,0,0
BRDA:400,26,0,0
BRDA:400,26,1,0
BRDA:400,27,0,0
BRDA:400,27,1,0
BRDA:400,28,0,0
BRDA:400,28,1,0
BRDA:418,29,0,0
BRDA:433,30,0,0
BRDA:433,30,1,0
BRDA:443,31,0,0
BRDA:443,32,0,0
BRDA:443,32,1,0
BRDA:448,33,0,0
BRDA:468,34,0,0
BRDA:541,35,0,0
BRDA:541,35,1,0
BRDA:546,36,0,0
BRDA:546,36,1,0
BRDA:580,37,0,0
BRDA:594,38,0,0
BRDA:594,39,0,0
BRDA:594,39,1,0
BRDA:596,40,0,0
BRDA:597,41,0,0
BRDA:608,42,0,0
BRDA:608,42,1,0
BRDA:608,43,0,0
BRDA:608,43,1,0
BRDA:608,44,0,0
BRDA:608,44,1,0
BRDA:614,45,0,0
BRDA:614,45,1,0
BRDA:614,46,0,0
BRDA:614,46,1,0
BRDA:614,47,0,0
BRDA:614,47,1,0
BRDA:614,48,0,0
BRDA:614,48,1,0
BRDA:614,49,0,0
BRDA:614,49,1,0
BRDA:617,50,0,0
BRDA:617,50,1,0
BRDA:617,51,0,0
BRDA:617,51,1,0
BRDA:617,52,0,0
BRDA:617,52,1,0
BRDA:638,53,0,0
BRDA:643,54,0,0
BRDA:643,54,1,0
BRDA:664,55,0,0
BRF:81
BRH:0
end_of_record
TN:
SF:src/core/loyalty/loyalty.controller.ts
FN:8,(anonymous_17)
FN:12,(anonymous_18)
FN:12,(anonymous_19)
FN:55,(anonymous_20)
FN:55,(anonymous_21)
FN:108,(anonymous_22)
FN:108,(anonymous_23)
FN:122,(anonymous_24)
FN:147,(anonymous_25)
FN:147,(anonymous_26)
FN:169,(anonymous_27)
FN:214,(anonymous_28)
FN:214,(anonymous_29)
FN:283,(anonymous_30)
FN:304,(anonymous_31)
FN:304,(anonymous_32)
FNF:16
FNH:1
FNDA:2,(anonymous_17)
FNDA:0,(anonymous_18)
FNDA:0,(anonymous_19)
FNDA:0,(anonymous_20)
FNDA:0,(anonymous_21)
FNDA:0,(anonymous_22)
FNDA:0,(anonymous_23)
FNDA:0,(anonymous_24)
FNDA:0,(anonymous_25)
FNDA:0,(anonymous_26)
FNDA:0,(anonymous_27)
FNDA:0,(anonymous_28)
FNDA:0,(anonymous_29)
FNDA:0,(anonymous_30)
FNDA:0,(anonymous_31)
FNDA:0,(anonymous_32)
DA:2,2
DA:3,2
DA:4,2
DA:5,2
DA:6,2
DA:8,2
DA:12,2
DA:13,0
DA:14,0
DA:15,0
DA:16,0
DA:20,0
DA:23,0
DA:24,0
DA:25,0
DA:29,0
DA:32,0
DA:34,0
DA:39,0
DA:44,0
DA:45,0
DA:55,2
DA:56,0
DA:57,0
DA:58,0
DA:59,0
DA:63,0
DA:66,0
DA:67,0
DA:68,0
DA:72,0
DA:75,0
DA:77,0
DA:78,0
DA:82,0
DA:85,0
DA:91,0
DA:97,0
DA:98,0
DA:108,2
DA:109,0
DA:110,0
DA:112,0
DA:114,0
DA:115,0
DA:119,0
DA:122,0
DA:124,0
DA:136,0
DA:137,0
DA:147,2
DA:148,0
DA:149,0
DA:150,0
DA:151,0
DA:155,0
DA:158,0
DA:159,0
DA:160,0
DA:164,0
DA:167,0
DA:169,0
DA:170,0
DA:172,0
DA:173,0
DA:174,0
DA:177,0
DA:188,0
DA:201,0
DA:202,0
DA:214,2
DA:215,0
DA:216,0
DA:217,0
DA:218,0
DA:222,0
DA:225,0
DA:226,0
DA:227,0
DA:231,0
DA:235,0
DA:236,0
DA:240,0
DA:244,0
DA:245,0
DA:246,0
DA:247,0
DA:251,0
DA:253,0
DA:256,0
DA:258,0
DA:260,0
DA:266,0
DA:267,0
DA:271,0
DA:274,0
DA:281,0
DA:283,0
DA:286,0
DA:293,0
DA:294,0
DA:304,2
DA:305,0
DA:306,0
DA:308,0
DA:310,0
DA:311,0
DA:315,0
DA:318,0
DA:323,0
DA:324,0
DA:332,2
LF:112
LH:13
BRDA:14,0,0,0
BRDA:14,0,1,0
BRDA:14,1,0,0
BRDA:14,1,1,0
BRDA:15,2,0,0
BRDA:24,3,0,0
BRDA:47,4,0,0
BRDA:47,4,1,0
BRDA:57,5,0,0
BRDA:57,5,1,0
BRDA:57,6,0,0
BRDA:57,6,1,0
BRDA:58,7,0,0
BRDA:67,8,0,0
BRDA:77,9,0,0
BRDA:100,10,0,0
BRDA:100,10,1,0
BRDA:114,11,0,0
BRDA:139,12,0,0
BRDA:139,12,1,0
BRDA:149,13,0,0
BRDA:149,13,1,0
BRDA:149,14,0,0
BRDA:149,14,1,0
BRDA:150,15,0,0
BRDA:159,16,0,0
BRDA:167,17,0,0
BRDA:167,18,0,0
BRDA:173,19,0,0
BRDA:204,20,0,0
BRDA:204,20,1,0
BRDA:216,21,0,0
BRDA:216,21,1,0
BRDA:216,22,0,0
BRDA:216,22,1,0
BRDA:217,23,0,0
BRDA:226,24,0,0
BRDA:235,25,0,0
BRDA:235,26,0,0
BRDA:235,26,1,0
BRDA:244,27,0,0
BRDA:246,28,0,0
BRDA:246,29,0,0
BRDA:246,29,1,0
BRDA:258,30,0,0
BRDA:258,30,1,0
BRDA:266,31,0,0
BRDA:283,32,0,0
BRDA:283,32,1,0
BRDA:296,33,0,0
BRDA:296,33,1,0
BRDA:310,34,0,0
BRDA:326,35,0,0
BRDA:326,35,1,0
BRF:54
BRH:0
end_of_record
TN:
SF:src/core/loyalty/loyalty.service.ts
FN:49,(anonymous_8)
FN:53,(anonymous_9)
FN:80,(anonymous_11)
FN:105,(anonymous_13)
FN:123,(anonymous_15)
FN:191,(anonymous_17)
FN:201,(anonymous_19)
FN:217,(anonymous_20)
FN:226,(anonymous_22)
FN:240,(anonymous_23)
FN:249,(anonymous_25)
FN:266,(anonymous_26)
FN:286,(anonymous_28)
FN:323,(anonymous_29)
FN:331,(anonymous_31)
FN:436,(anonymous_32)
FN:468,(anonymous_34)
FNF:17
FNH:0
FNDA:0,(anonymous_8)
FNDA:0,(anonymous_9)
FNDA:0,(anonymous_11)
FNDA:0,(anonymous_13)
FNDA:0,(anonymous_15)
FNDA:0,(anonymous_17)
FNDA:0,(anonymous_19)
FNDA:0,(anonymous_20)
FNDA:0,(anonymous_22)
FNDA:0,(anonymous_23)
FNDA:0,(anonymous_25)
FNDA:0,(anonymous_26)
FNDA:0,(anonymous_28)
FNDA:0,(anonymous_29)
FNDA:0,(anonymous_31)
FNDA:0,(anonymous_32)
FNDA:0,(anonymous_34)
DA:1,2
DA:2,2
DA:3,2
DA:4,2
DA:7,2
DA:8,2
DA:9,2
DA:48,2
DA:50,0
DA:54,0
DA:55,0
DA:74,0
DA:81,0
DA:83,0
DA:84,0
DA:89,0
DA:93,0
DA:97,0
DA:99,0
DA:106,0
DA:108,0
DA:111,0
DA:112,0
DA:116,0
DA:117,0
DA:124,0
DA:126,0
DA:127,0
DA:133,0
DA:134,0
DA:138,0
DA:140,0
DA:141,0
DA:144,0
DA:145,0
DA:146,0
DA:150,0
DA:153,0
DA:154,0
DA:155,0
DA:159,0
DA:166,0
DA:181,0
DA:183,0
DA:185,0
DA:192,0
DA:193,0
DA:194,0
DA:197,0
DA:198,0
DA:201,0
DA:204,0
DA:205,0
DA:207,0
DA:211,0
DA:218,0
DA:219,0
DA:220,0
DA:223,0
DA:224,0
DA:226,0
DA:228,0
DA:229,0
DA:230,0
DA:234,0
DA:241,0
DA:242,0
DA:243,0
DA:246,0
DA:247,0
DA:249,0
DA:251,0
DA:252,0
DA:253,0
DA:260,0
DA:267,0
DA:268,0
DA:269,0
DA:272,0
DA:273,0
DA:274,0
DA:277,0
DA:278,0
DA:280,0
DA:286,0
DA:289,0
DA:301,0
DA:307,0
DA:324,0
DA:326,0
DA:327,0
DA:328,0
DA:331,0
DA:332,0
DA:333,0
DA:336,0
DA:337,0
DA:338,0
DA:341,0
DA:342,0
DA:343,0
DA:347,0
DA:354,0
DA:366,0
DA:368,0
DA:369,0
DA:370,0
DA:380,0
DA:381,0
DA:387,0
DA:388,0
DA:394,0
DA:395,0
DA:401,0
DA:402,0
DA:403,0
DA:404,0
DA:407,0
DA:419,0
DA:420,0
DA:425,0
DA:428,0
DA:430,0
DA:437,0
DA:438,0
DA:439,0
DA:442,0
DA:448,0
DA:451,0
DA:452,0
DA:453,0
DA:456,0
DA:465,0
DA:469,0
DA:471,0
DA:472,0
DA:475,0
DA:479,2
LF:138
LH:9
BRDA:50,0,0,0
BRDA:50,0,1,0
BRDA:50,1,0,0
BRDA:50,1,1,0
BRDA:74,2,0,0
BRDA:74,2,1,0
BRDA:74,3,0,0
BRDA:74,3,1,0
BRDA:74,4,0,0
BRDA:74,4,1,0
BRDA:83,5,0,0
BRDA:83,5,1,0
BRDA:93,6,0,0
BRDA:93,6,1,0
BRDA:97,7,0,0
BRDA:108,8,0,0
BRDA:111,9,0,0
BRDA:111,10,0,0
BRDA:111,10,1,0
BRDA:126,11,0,0
BRDA:133,12,0,0
BRDA:140,13,0,0
BRDA:145,14,0,0
BRDA:153,15,0,0
BRDA:153,16,0,0
BRDA:153,16,1,0
BRDA:153,17,0,0
BRDA:153,17,1,0
BRDA:170,18,0,0
BRDA:170,18,1,0
BRDA:171,19,0,0
BRDA:171,19,1,0
BRDA:174,20,0,0
BRDA:174,20,1,0
BRDA:174,21,0,0
BRDA:174,21,1,0
BRDA:175,22,0,0
BRDA:175,22,1,0
BRDA:193,23,0,0
BRDA:193,24,0,0
BRDA:193,24,1,0
BRDA:193,24,2,0
BRDA:198,25,0,0
BRDA:205,26,0,0
BRDA:219,27,0,0
BRDA:219,28,0,0
BRDA:219,28,1,0
BRDA:219,28,2,0
BRDA:224,29,0,0
BRDA:229,30,0,0
BRDA:242,31,0,0
BRDA:242,32,0,0
BRDA:242,32,1,0
BRDA:242,32,2,0
BRDA:247,33,0,0
BRDA:252,34,0,0
BRDA:268,35,0,0
BRDA:314,36,0,0
BRDA:314,36,1,0
BRDA:314,37,0,0
BRDA:314,37,1,0
BRDA:314,38,0,0
BRDA:314,38,1,0
BRDA:315,39,0,0
BRDA:315,39,1,0
BRDA:315,40,0,0
BRDA:315,40,1,0
BRDA:315,41,0,0
BRDA:315,41,1,0
BRDA:327,42,0,0
BRDA:331,43,0,0
BRDA:331,43,1,0
BRDA:331,44,0,0
BRDA:331,44,1,0
BRDA:332,45,0,0
BRDA:332,46,0,0
BRDA:332,46,1,0
BRDA:337,47,0,0
BRDA:342,48,0,0
BRDA:374,49,0,0
BRDA:374,49,1,0
BRDA:380,50,0,0
BRDA:380,50,1,0
BRDA:380,51,0,0
BRDA:380,51,1,0
BRDA:387,52,0,0
BRDA:387,52,1,0
BRDA:387,53,0,0
BRDA:387,53,1,0
BRDA:390,54,0,0
BRDA:390,54,1,0
BRDA:394,55,0,0
BRDA:394,55,1,0
BRDA:398,56,0,0
BRDA:398,56,1,0
BRDA:401,57,0,0
BRDA:401,58,0,0
BRDA:401,58,1,0
BRDA:403,59,0,0
BRDA:411,60,0,0
BRDA:411,60,1,0
BRDA:419,61,0,0
BRDA:438,62,0,0
BRDA:451,63,0,0
BRDA:451,64,0,0
BRDA:451,64,1,0
BRDA:451,65,0,0
BRDA:451,65,1,0
BRDA:471,66,0,0
BRDA:471,67,0,0
BRDA:471,67,1,0
BRDA:471,68,0,0
BRDA:471,68,1,0
BRF:113
BRH:0
end_of_record
TN:
SF:src/core/notification/notification.controller.ts
FN:9,(anonymous_7)
FN:16,(anonymous_8)
FN:16,(anonymous_9)
FN:68,(anonymous_10)
FN:68,(anonymous_11)
FN:118,(anonymous_12)
FN:118,(anonymous_13)
FN:158,(anonymous_14)
FN:158,(anonymous_15)
FN:185,(anonymous_16)
FN:185,(anonymous_17)
FN:212,(anonymous_18)
FN:212,(anonymous_19)
FN:239,(anonymous_20)
FN:239,(anonymous_21)
FN:274,(anonymous_22)
FN:274,(anonymous_23)
FN:306,(anonymous_24)
FN:306,(anonymous_25)
FN:334,(anonymous_26)
FN:334,(anonymous_27)
FN:370,(anonymous_28)
FN:370,(anonymous_29)
FN:398,(anonymous_30)
FN:398,(anonymous_31)
FN:433,(anonymous_32)
FN:433,(anonymous_33)
FN:461,(anonymous_34)
FN:461,(anonymous_35)
FN:495,(anonymous_36)
FN:495,(anonymous_37)
FN:514,(anonymous_38)
FN:514,(anonymous_39)
FN:546,(anonymous_40)
FN:546,(anonymous_41)
FNF:35
FNH:1
FNDA:2,(anonymous_7)
FNDA:0,(anonymous_8)
FNDA:0,(anonymous_9)
FNDA:0,(anonymous_10)
FNDA:0,(anonymous_11)
FNDA:0,(anonymous_12)
FNDA:0,(anonymous_13)
FNDA:0,(anonymous_14)
FNDA:0,(anonymous_15)
FNDA:0,(anonymous_16)
FNDA:0,(anonymous_17)
FNDA:0,(anonymous_18)
FNDA:0,(anonymous_19)
FNDA:0,(anonymous_20)
FNDA:0,(anonymous_21)
FNDA:0,(anonymous_22)
FNDA:0,(anonymous_23)
FNDA:0,(anonymous_24)
FNDA:0,(anonymous_25)
FNDA:0,(anonymous_26)
FNDA:0,(anonymous_27)
FNDA:0,(anonymous_28)
FNDA:0,(anonymous_29)
FNDA:0,(anonymous_30)
FNDA:0,(anonymous_31)
FNDA:0,(anonymous_32)
FNDA:0,(anonymous_33)
FNDA:0,(anonymous_34)
FNDA:0,(anonymous_35)
FNDA:0,(anonymous_36)
FNDA:0,(anonymous_37)
FNDA:0,(anonymous_38)
FNDA:0,(anonymous_39)
FNDA:0,(anonymous_40)
FNDA:0,(anonymous_41)
DA:2,2
DA:3,2
DA:4,2
DA:6,2
DA:10,2
DA:16,2
DA:17,0
DA:19,0
DA:20,0
DA:21,0
DA:25,0
DA:28,0
DA:29,0
DA:30,0
DA:34,0
DA:37,0
DA:39,0
DA:46,0
DA:57,0
DA:58,0
DA:68,2
DA:69,0
DA:71,0
DA:72,0
DA:73,0
DA:77,0
DA:80,0
DA:81,0
DA:82,0
DA:86,0
DA:89,0
DA:91,0
DA:93,0
DA:94,0
DA:98,0
DA:101,0
DA:107,0
DA:108,0
DA:118,2
DA:119,0
DA:121,0
DA:122,0
DA:123,0
DA:127,0
DA:130,0
DA:131,0
DA:132,0
DA:136,0
DA:139,0
DA:141,0
DA:149,0
DA:150,0
DA:158,2
DA:159,0
DA:160,0
DA:162,0
DA:163,0
DA:169,0
DA:171,0
DA:177,0
DA:185,2
DA:186,0
DA:187,0
DA:189,0
DA:190,0
DA:196,0
DA:198,0
DA:204,0
DA:212,2
DA:213,0
DA:214,0
DA:216,0
DA:217,0
DA:223,0
DA:225,0
DA:231,0
DA:239,2
DA:240,0
DA:241,0
DA:243,0
DA:244,0
DA:250,0
DA:251,0
DA:252,0
DA:258,0
DA:260,0
DA:266,0
DA:274,2
DA:275,0
DA:276,0
DA:278,0
DA:279,0
DA:285,0
DA:292,0
DA:298,0
DA:306,2
DA:307,0
DA:308,0
DA:310,0
DA:311,0
DA:317,0
DA:319,0
DA:326,0
DA:334,2
DA:335,0
DA:336,0
DA:337,0
DA:338,0
DA:339,0
DA:341,0
DA:342,0
DA:348,0
DA:355,0
DA:362,0
DA:370,2
DA:371,0
DA:372,0
DA:374,0
DA:375,0
DA:381,0
DA:383,0
DA:390,0
DA:398,2
DA:399,0
DA:400,0
DA:402,0
DA:403,0
DA:409,0
DA:411,0
DA:412,0
DA:418,0
DA:425,0
DA:433,2
DA:434,0
DA:435,0
DA:437,0
DA:438,0
DA:444,0
DA:446,0
DA:453,0
DA:461,2
DA:462,0
DA:463,0
DA:465,0
DA:466,0
DA:472,0
DA:474,0
DA:475,0
DA:481,0
DA:487,0
DA:495,2
DA:496,0
DA:497,0
DA:499,0
DA:506,0
DA:514,2
DA:515,0
DA:516,0
DA:518,0
DA:519,0
DA:525,0
DA:531,0
DA:538,0
DA:546,2
DA:547,0
DA:548,0
DA:550,0
DA:551,0
DA:557,0
DA:558,0
DA:559,0
DA:565,0
DA:567,0
DA:574,0
LF:174
LH:22
BRDA:19,0,0,0
BRDA:19,0,1,0
BRDA:19,1,0,0
BRDA:19,1,1,0
BRDA:20,2,0,0
BRDA:29,3,0,0
BRDA:37,4,0,0
BRDA:37,5,0,0
BRDA:37,6,0,0
BRDA:60,7,0,0
BRDA:60,7,1,0
BRDA:71,8,0,0
BRDA:71,8,1,0
BRDA:71,9,0,0
BRDA:71,9,1,0
BRDA:72,10,0,0
BRDA:81,11,0,0
BRDA:93,12,0,0
BRDA:110,13,0,0
BRDA:110,13,1,0
BRDA:121,14,0,0
BRDA:121,14,1,0
BRDA:121,15,0,0
BRDA:121,15,1,0
BRDA:122,16,0,0
BRDA:131,17,0,0
BRDA:152,18,0,0
BRDA:152,18,1,0
BRDA:162,19,0,0
BRDA:162,20,0,0
BRDA:162,20,1,0
BRDA:179,21,0,0
BRDA:179,21,1,0
BRDA:189,22,0,0
BRDA:206,23,0,0
BRDA:206,23,1,0
BRDA:216,24,0,0
BRDA:216,25,0,0
BRDA:216,25,1,0
BRDA:233,26,0,0
BRDA:233,26,1,0
BRDA:243,27,0,0
BRDA:243,28,0,0
BRDA:243,28,1,0
BRDA:243,28,2,0
BRDA:251,29,0,0
BRDA:268,30,0,0
BRDA:268,30,1,0
BRDA:276,31,0,0
BRDA:278,32,0,0
BRDA:278,33,0,0
BRDA:278,33,1,0
BRDA:278,33,2,0
BRDA:300,34,0,0
BRDA:300,34,1,0
BRDA:310,35,0,0
BRDA:310,36,0,0
BRDA:310,36,1,0
BRDA:310,36,2,0
BRDA:310,36,3,0
BRDA:328,37,0,0
BRDA:328,37,1,0
BRDA:337,38,0,0
BRDA:337,38,1,0
BRDA:338,39,0,0
BRDA:338,39,1,0
BRDA:341,40,0,0
BRDA:364,41,0,0
BRDA:364,41,1,0
BRDA:374,42,0,0
BRDA:392,43,0,0
BRDA:392,43,1,0
BRDA:402,44,0,0
BRDA:411,45,0,0
BRDA:427,46,0,0
BRDA:427,46,1,0
BRDA:437,47,0,0
BRDA:455,48,0,0
BRDA:455,48,1,0
BRDA:465,49,0,0
BRDA:474,50,0,0
BRDA:489,51,0,0
BRDA:489,51,1,0
BRDA:508,52,0,0
BRDA:508,52,1,0
BRDA:516,53,0,0
BRDA:518,54,0,0
BRDA:518,55,0,0
BRDA:518,55,1,0
BRDA:540,56,0,0
BRDA:540,56,1,0
BRDA:550,57,0,0
BRDA:550,58,0,0
BRDA:550,58,1,0
BRDA:550,58,2,0
BRDA:558,59,0,0
BRDA:576,60,0,0
BRDA:576,60,1,0
BRF:98
BRH:0
end_of_record
TN:
SF:src/core/notification/notification.service.ts
FN:10,(anonymous_7)
FN:27,(anonymous_8)
FN:71,(anonymous_10)
FN:109,(anonymous_12)
FN:129,(anonymous_14)
FN:155,(anonymous_15)
FN:188,(anonymous_17)
FN:227,(anonymous_19)
FN:228,(anonymous_20)
FN:255,(anonymous_21)
FN:280,(anonymous_22)
FN:307,(anonymous_24)
FN:318,(anonymous_26)
FN:323,(anonymous_28)
FN:328,(anonymous_30)
FN:345,(anonymous_31)
FN:359,(anonymous_33)
FN:382,(anonymous_35)
FN:397,(anonymous_36)
FN:398,(anonymous_37)
FN:408,(anonymous_38)
FN:428,(anonymous_39)
FN:429,(anonymous_40)
FN:450,(anonymous_41)
FN:476,(anonymous_42)
FN:481,(anonymous_44)
FN:496,(anonymous_45)
FN:517,(anonymous_47)
FN:538,(anonymous_48)
FN:559,(anonymous_50)
FN:580,(anonymous_51)
FN:600,(anonymous_53)
FNF:32
FNH:0
FNDA:0,(anonymous_7)
FNDA:0,(anonymous_8)
FNDA:0,(anonymous_10)
FNDA:0,(anonymous_12)
FNDA:0,(anonymous_14)
FNDA:0,(anonymous_15)
FNDA:0,(anonymous_17)
FNDA:0,(anonymous_19)
FNDA:0,(anonymous_20)
FNDA:0,(anonymous_21)
FNDA:0,(anonymous_22)
FNDA:0,(anonymous_24)
FNDA:0,(anonymous_26)
FNDA:0,(anonymous_28)
FNDA:0,(anonymous_30)
FNDA:0,(anonymous_31)
FNDA:0,(anonymous_33)
FNDA:0,(anonymous_35)
FNDA:0,(anonymous_36)
FNDA:0,(anonymous_37)
FNDA:0,(anonymous_38)
FNDA:0,(anonymous_39)
FNDA:0,(anonymous_40)
FNDA:0,(anonymous_41)
FNDA:0,(anonymous_42)
FNDA:0,(anonymous_44)
FNDA:0,(anonymous_45)
FNDA:0,(anonymous_47)
FNDA:0,(anonymous_48)
FNDA:0,(anonymous_50)
FNDA:0,(anonymous_51)
FNDA:0,(anonymous_53)
DA:1,2
DA:2,2
DA:3,2
DA:4,2
DA:5,2
DA:9,2
DA:11,0
DA:12,0
DA:13,0
DA:15,0
DA:21,0
DA:38,0
DA:39,0
DA:48,0
DA:51,0
DA:64,0
DA:72,0
DA:73,0
DA:78,0
DA:82,0
DA:83,0
DA:84,0
DA:86,0
DA:99,0
DA:101,0
DA:102,0
DA:110,0
DA:111,0
DA:116,0
DA:119,0
DA:126,0
DA:129,0
DA:130,0
DA:143,0
DA:145,0
DA:147,0
DA:148,0
DA:156,0
DA:157,0
DA:162,0
DA:164,0
DA:166,0
DA:178,0
DA:180,0
DA:181,0
DA:193,0
DA:194,0
DA:203,0
DA:205,0
DA:217,0
DA:219,0
DA:220,0
DA:228,0
DA:239,0
DA:240,0
DA:242,0
DA:244,0
DA:255,0
DA:268,0
DA:281,0
DA:287,0
DA:290,0
DA:308,0
DA:312,0
DA:319,0
DA:320,0
DA:324,0
DA:328,0
DA:346,0
DA:347,0
DA:349,0
DA:353,0
DA:365,0
DA:366,0
DA:368,0
DA:381,0
DA:382,0
DA:383,0
DA:386,0
DA:398,0
DA:402,0
DA:407,0
DA:409,0
DA:410,0
DA:413,0
DA:420,0
DA:429,0
DA:434,0
DA:435,0
DA:437,0
DA:438,0
DA:439,0
DA:442,0
DA:446,0
DA:448,0
DA:450,0
DA:451,0
DA:464,0
DA:466,0
DA:468,0
DA:469,0
DA:480,0
DA:481,0
DA:482,0
DA:485,0
DA:486,0
DA:488,0
DA:489,0
DA:501,0
DA:503,0
DA:508,0
DA:509,0
DA:510,0
DA:513,0
DA:514,0
DA:515,0
DA:517,0
DA:518,0
DA:525,0
DA:527,0
DA:528,0
DA:530,0
DA:531,0
DA:543,0
DA:545,0
DA:550,0
DA:551,0
DA:552,0
DA:555,0
DA:556,0
DA:557,0
DA:559,0
DA:560,0
DA:567,0
DA:569,0
DA:570,0
DA:572,0
DA:573,0
DA:584,0
DA:585,0
DA:589,0
DA:590,0
DA:593,0
DA:595,0
DA:596,0
DA:597,0
DA:600,0
DA:601,0
DA:608,0
DA:610,0
DA:611,0
DA:613,0
DA:614,0
LF:153
LH:6
BRDA:43,0,0,0
BRDA:43,0,1,0
BRDA:43,1,0,0
BRDA:43,1,1,0
BRDA:43,2,0,0
BRDA:43,2,1,0
BRDA:44,3,0,0
BRDA:44,3,1,0
BRDA:44,4,0,0
BRDA:44,4,1,0
BRDA:44,5,0,0
BRDA:44,5,1,0
BRDA:45,6,0,0
BRDA:45,6,1,0
BRDA:45,7,0,0
BRDA:45,7,1,0
BRDA:45,8,0,0
BRDA:45,8,1,0
BRDA:46,9,0,0
BRDA:46,9,1,0
BRDA:46,10,0,0
BRDA:46,10,1,0
BRDA:46,11,0,0
BRDA:46,11,1,0
BRDA:56,12,0,0
BRDA:56,12,1,0
BRDA:56,13,0,0
BRDA:56,13,1,0
BRDA:57,14,0,0
BRDA:57,14,1,0
BRDA:57,15,0,0
BRDA:57,15,1,0
BRDA:58,16,0,0
BRDA:58,16,1,0
BRDA:58,17,0,0
BRDA:58,17,1,0
BRDA:78,18,0,0
BRDA:83,19,0,0
BRDA:83,19,1,0
BRDA:83,20,0,0
BRDA:83,20,1,0
BRDA:83,21,0,0
BRDA:83,21,1,0
BRDA:83,22,0,0
BRDA:83,22,1,0
BRDA:83,23,0,0
BRDA:83,23,1,0
BRDA:83,24,0,0
BRDA:83,24,1,0
BRDA:83,25,0,0
BRDA:83,25,1,0
BRDA:84,26,0,0
BRDA:84,26,1,0
BRDA:84,27,0,0
BRDA:84,27,1,0
BRDA:84,28,0,0
BRDA:84,28,1,0
BRDA:87,29,0,0
BRDA:87,29,1,0
BRDA:87,30,0,0
BRDA:87,30,1,0
BRDA:87,31,0,0
BRDA:87,31,1,0
BRDA:87,32,0,0
BRDA:87,32,1,0
BRDA:116,33,0,0
BRDA:162,34,0,0
BRDA:203,35,0,0
BRDA:203,35,1,0
BRDA:229,36,0,0
BRDA:230,37,0,0
BRDA:231,38,0,0
BRDA:242,39,0,0
BRDA:260,40,0,0
BRDA:260,40,1,0
BRDA:260,41,0,0
BRDA:260,41,1,0
BRDA:261,42,0,0
BRDA:261,42,1,0
BRDA:261,43,0,0
BRDA:261,43,1,0
BRDA:262,44,0,0
BRDA:262,44,1,0
BRDA:262,45,0,0
BRDA:262,45,1,0
BRDA:287,46,0,0
BRDA:295,47,0,0
BRDA:295,47,1,0
BRDA:295,48,0,0
BRDA:295,48,1,0
BRDA:296,49,0,0
BRDA:296,49,1,0
BRDA:296,50,0,0
BRDA:296,50,1,0
BRDA:297,51,0,0
BRDA:297,51,1,0
BRDA:297,52,0,0
BRDA:297,52,1,0
BRDA:333,53,0,0
BRDA:333,53,1,0
BRDA:333,54,0,0
BRDA:333,54,1,0
BRDA:334,55,0,0
BRDA:334,55,1,0
BRDA:334,56,0,0
BRDA:334,56,1,0
BRDA:335,57,0,0
BRDA:335,57,1,0
BRDA:335,58,0,0
BRDA:335,58,1,0
BRDA:400,59,0,0
BRDA:409,60,0,0
BRDA:432,61,0,0
BRDA:437,62,0,0
BRDA:446,63,0,0
BRDA:508,64,0,0
BRDA:513,65,0,0
BRDA:513,65,1,0
BRDA:514,66,0,0
BRDA:514,66,1,0
BRDA:515,67,0,0
BRDA:515,67,1,0
BRDA:550,68,0,0
BRDA:555,69,0,0
BRDA:555,69,1,0
BRDA:556,70,0,0
BRDA:556,70,1,0
BRDA:589,71,0,0
BRDA:589,72,0,0
BRDA:589,72,1,0
BRDA:595,73,0,0
BRF:131
BRH:0
end_of_record
TN:
SF:src/core/notification/notification.usage.ts
FN:9,(anonymous_7)
FN:16,(anonymous_8)
FN:59,(anonymous_10)
FN:99,(anonymous_12)
FN:128,(anonymous_14)
FN:181,(anonymous_16)
FN:200,(anonymous_18)
FN:231,(anonymous_20)
FN:256,runNotificationExamples
FN:267,(anonymous_24)
FN:275,(anonymous_25)
FN:289,(anonymous_27)
FN:307,(anonymous_29)
FNF:13
FNH:0
FNDA:0,(anonymous_7)
FNDA:0,(anonymous_8)
FNDA:0,(anonymous_10)
FNDA:0,(anonymous_12)
FNDA:0,(anonymous_14)
FNDA:0,(anonymous_16)
FNDA:0,(anonymous_18)
FNDA:0,(anonymous_20)
FNDA:0,runNotificationExamples
FNDA:0,(anonymous_24)
FNDA:0,(anonymous_25)
FNDA:0,(anonymous_27)
FNDA:0,(anonymous_29)
DA:1,0
DA:6,0
DA:10,0
DA:17,0
DA:18,0
DA:19,0
DA:20,0
DA:22,0
DA:24,0
DA:25,0
DA:28,0
DA:29,0
DA:32,0
DA:33,0
DA:36,0
DA:37,0
DA:40,0
DA:41,0
DA:43,0
DA:44,0
DA:47,0
DA:48,0
DA:50,0
DA:52,0
DA:60,0
DA:61,0
DA:64,0
DA:65,0
DA:66,0
DA:68,0
DA:71,0
DA:77,0
DA:79,0
DA:81,0
DA:87,0
DA:89,0
DA:92,0
DA:100,0
DA:102,0
DA:110,0
DA:112,0
DA:114,0
DA:119,0
DA:121,0
DA:129,0
DA:131,0
DA:132,0
DA:135,0
DA:136,0
DA:137,0
DA:145,0
DA:146,0
DA:152,0
DA:155,0
DA:156,0
DA:157,0
DA:158,0
DA:162,0
DA:163,0
DA:170,0
DA:171,0
DA:174,0
DA:182,0
DA:183,0
DA:185,0
DA:187,0
DA:188,0
DA:190,0
DA:193,0
DA:201,0
DA:202,0
DA:203,0
DA:205,0
DA:206,0
DA:209,0
DA:216,0
DA:222,0
DA:224,0
DA:232,0
DA:234,0
DA:235,0
DA:237,0
DA:238,0
DA:240,0
DA:241,0
DA:243,0
DA:244,0
DA:246,0
DA:247,0
DA:249,0
DA:251,0
DA:256,0
DA:257,0
DA:258,0
DA:264,0
DA:268,0
DA:276,0
DA:278,0
DA:279,0
DA:280,0
DA:282,0
DA:290,0
DA:292,0
DA:293,0
DA:298,0
DA:300,0
DA:308,0
DA:310,0
DA:313,0
DA:329,0
LF:110
LH:0
BRDA:79,0,0,0
BRDA:79,0,1,0
BRDA:155,1,0,0
BRDA:187,2,0,0
BRDA:187,2,1,0
BRF:5
BRH:0
end_of_record
TN:
SF:src/core/order/order.controller.ts
FN:19,(anonymous_8)
FN:28,(anonymous_9)
FN:28,(anonymous_10)
FN:86,(anonymous_11)
FN:86,(anonymous_12)
FN:140,(anonymous_13)
FN:140,(anonymous_14)
FN:170,(anonymous_15)
FN:170,(anonymous_16)
FN:215,(anonymous_17)
FN:215,(anonymous_18)
FN:258,(anonymous_19)
FN:258,(anonymous_20)
FN:288,(anonymous_21)
FN:288,(anonymous_22)
FN:351,(anonymous_23)
FN:351,(anonymous_24)
FN:394,(anonymous_25)
FN:394,(anonymous_26)
FN:447,(anonymous_27)
FN:447,(anonymous_28)
FN:493,(anonymous_29)
FN:493,(anonymous_30)
FN:611,(anonymous_31)
FN:611,(anonymous_32)
FN:646,(anonymous_33)
FN:646,(anonymous_34)
FN:675,(anonymous_35)
FN:675,(anonymous_36)
FN:714,(anonymous_37)
FN:714,(anonymous_38)
FN:781,(anonymous_39)
FN:781,(anonymous_40)
FNF:33
FNH:1
FNDA:2,(anonymous_8)
FNDA:0,(anonymous_9)
FNDA:0,(anonymous_10)
FNDA:0,(anonymous_11)
FNDA:0,(anonymous_12)
FNDA:0,(anonymous_13)
FNDA:0,(anonymous_14)
FNDA:0,(anonymous_15)
FNDA:0,(anonymous_16)
FNDA:0,(anonymous_17)
FNDA:0,(anonymous_18)
FNDA:0,(anonymous_19)
FNDA:0,(anonymous_20)
FNDA:0,(anonymous_21)
FNDA:0,(anonymous_22)
FNDA:0,(anonymous_23)
FNDA:0,(anonymous_24)
FNDA:0,(anonymous_25)
FNDA:0,(anonymous_26)
FNDA:0,(anonymous_27)
FNDA:0,(anonymous_28)
FNDA:0,(anonymous_29)
FNDA:0,(anonymous_30)
FNDA:0,(anonymous_31)
FNDA:0,(anonymous_32)
FNDA:0,(anonymous_33)
FNDA:0,(anonymous_34)
FNDA:0,(anonymous_35)
FNDA:0,(anonymous_36)
FNDA:0,(anonymous_37)
FNDA:0,(anonymous_38)
FNDA:0,(anonymous_39)
FNDA:0,(anonymous_40)
DA:2,2
DA:3,2
DA:4,2
DA:5,2
DA:6,2
DA:7,2
DA:8,2
DA:9,2
DA:10,2
DA:11,2
DA:12,2
DA:14,2
DA:20,2
DA:21,2
DA:22,2
DA:28,2
DA:29,0
DA:31,0
DA:32,0
DA:33,0
DA:37,0
DA:40,0
DA:41,0
DA:42,0
DA:46,0
DA:49,0
DA:55,0
DA:56,0
DA:60,0
DA:63,0
DA:64,0
DA:67,0
DA:69,0
DA:75,0
DA:76,0
DA:86,2
DA:87,0
DA:89,0
DA:90,0
DA:91,0
DA:95,0
DA:98,0
DA:99,0
DA:100,0
DA:104,0
DA:107,0
DA:108,0
DA:110,0
DA:117,0
DA:119,0
DA:129,0
DA:130,0
DA:140,2
DA:141,0
DA:142,0
DA:144,0
DA:146,0
DA:147,0
DA:151,0
DA:154,0
DA:159,0
DA:160,0
DA:170,2
DA:171,0
DA:172,0
DA:173,0
DA:176,0
DA:177,0
DA:179,0
DA:180,0
DA:184,0
DA:188,0
DA:190,0
DA:195,0
DA:199,0
DA:204,0
DA:205,0
DA:215,2
DA:216,0
DA:217,0
DA:218,0
DA:220,0
DA:221,0
DA:225,0
DA:228,0
DA:230,0
DA:231,0
DA:235,0
DA:239,0
DA:241,0
DA:247,0
DA:248,0
DA:258,2
DA:259,0
DA:260,0
DA:262,0
DA:264,0
DA:265,0
DA:269,0
DA:272,0
DA:277,0
DA:278,0
DA:288,2
DA:289,0
DA:291,0
DA:292,0
DA:293,0
DA:297,0
DA:300,0
DA:301,0
DA:302,0
DA:306,0
DA:309,0
DA:311,0
DA:312,0
DA:316,0
DA:319,0
DA:320,0
DA:322,0
DA:329,0
DA:340,0
DA:341,0
DA:351,2
DA:352,0
DA:353,0
DA:354,0
DA:356,0
DA:357,0
DA:361,0
DA:364,0
DA:366,0
DA:367,0
DA:371,0
DA:375,0
DA:377,0
DA:383,0
DA:384,0
DA:394,2
DA:395,0
DA:397,0
DA:398,0
DA:399,0
DA:403,0
DA:406,0
DA:407,0
DA:408,0
DA:412,0
DA:415,0
DA:416,0
DA:418,0
DA:424,0
DA:426,0
DA:436,0
DA:437,0
DA:447,2
DA:448,0
DA:450,0
DA:451,0
DA:452,0
DA:456,0
DA:459,0
DA:460,0
DA:461,0
DA:465,0
DA:468,0
DA:469,0
DA:471,0
DA:477,0
DA:482,0
DA:483,0
DA:493,2
DA:494,0
DA:495,0
DA:496,0
DA:498,0
DA:499,0
DA:503,0
DA:507,0
DA:508,0
DA:509,0
DA:513,0
DA:520,0
DA:521,0
DA:525,0
DA:533,0
DA:534,0
DA:538,0
DA:541,0
DA:542,0
DA:543,0
DA:550,0
DA:551,0
DA:555,0
DA:559,0
DA:570,0
DA:572,0
DA:574,0
DA:575,0
DA:579,0
DA:583,0
DA:584,0
DA:585,0
DA:586,0
DA:590,0
DA:600,0
DA:601,0
DA:611,2
DA:612,0
DA:613,0
DA:615,0
DA:617,0
DA:618,0
DA:622,0
DA:625,0
DA:635,0
DA:636,0
DA:646,2
DA:647,0
DA:648,0
DA:649,0
DA:651,0
DA:656,0
DA:658,0
DA:664,0
DA:665,0
DA:675,2
DA:676,0
DA:677,0
DA:679,0
DA:680,0
DA:681,0
DA:685,0
DA:688,0
DA:690,0
DA:691,0
DA:695,0
DA:698,0
DA:703,0
DA:704,0
DA:714,2
DA:715,0
DA:716,0
DA:717,0
DA:719,0
DA:720,0
DA:724,0
DA:728,0
DA:729,0
DA:730,0
DA:734,0
DA:737,0
DA:739,0
DA:740,0
DA:750,0
DA:751,0
DA:752,0
DA:753,0
DA:764,0
DA:770,0
DA:771,0
DA:781,2
DA:782,0
DA:783,0
DA:786,0
DA:787,0
DA:788,0
DA:792,0
DA:795,0
DA:797,0
DA:802,0
DA:803,0
LF:271
LH:31
BRDA:31,0,0,0
BRDA:31,0,1,0
BRDA:31,1,0,0
BRDA:31,1,1,0
BRDA:32,2,0,0
BRDA:41,3,0,0
BRDA:55,4,0,0
BRDA:55,5,0,0
BRDA:55,5,1,0
BRDA:55,5,2,0
BRDA:64,6,0,0
BRDA:64,6,1,0
BRDA:64,7,0,0
BRDA:64,7,1,0
BRDA:64,8,0,0
BRDA:64,8,1,0
BRDA:67,9,0,0
BRDA:67,9,1,0
BRDA:67,10,0,0
BRDA:67,10,1,0
BRDA:67,11,0,0
BRDA:67,11,1,0
BRDA:78,12,0,0
BRDA:78,12,1,0
BRDA:89,13,0,0
BRDA:89,13,1,0
BRDA:89,14,0,0
BRDA:89,14,1,0
BRDA:90,15,0,0
BRDA:99,16,0,0
BRDA:108,17,0,0
BRDA:108,18,0,0
BRDA:132,19,0,0
BRDA:132,19,1,0
BRDA:146,20,0,0
BRDA:162,21,0,0
BRDA:162,21,1,0
BRDA:176,22,0,0
BRDA:179,23,0,0
BRDA:207,24,0,0
BRDA:207,24,1,0
BRDA:220,25,0,0
BRDA:230,26,0,0
BRDA:250,27,0,0
BRDA:250,27,1,0
BRDA:264,28,0,0
BRDA:280,29,0,0
BRDA:280,29,1,0
BRDA:291,30,0,0
BRDA:291,30,1,0
BRDA:291,31,0,0
BRDA:291,31,1,0
BRDA:292,32,0,0
BRDA:301,33,0,0
BRDA:311,34,0,0
BRDA:320,35,0,0
BRDA:320,36,0,0
BRDA:343,37,0,0
BRDA:343,37,1,0
BRDA:356,38,0,0
BRDA:366,39,0,0
BRDA:386,40,0,0
BRDA:386,40,1,0
BRDA:397,41,0,0
BRDA:397,41,1,0
BRDA:397,42,0,0
BRDA:397,42,1,0
BRDA:398,43,0,0
BRDA:407,44,0,0
BRDA:416,45,0,0
BRDA:416,46,0,0
BRDA:439,47,0,0
BRDA:439,47,1,0
BRDA:450,48,0,0
BRDA:450,48,1,0
BRDA:450,49,0,0
BRDA:450,49,1,0
BRDA:451,50,0,0
BRDA:460,51,0,0
BRDA:473,52,0,0
BRDA:473,52,1,0
BRDA:474,53,0,0
BRDA:474,53,1,0
BRDA:485,54,0,0
BRDA:485,54,1,0
BRDA:498,55,0,0
BRDA:508,56,0,0
BRDA:520,57,0,0
BRDA:521,58,0,0
BRDA:521,58,1,0
BRDA:521,59,0,0
BRDA:521,59,1,0
BRDA:522,60,0,0
BRDA:522,60,1,0
BRDA:522,61,0,0
BRDA:522,61,1,0
BRDA:522,62,0,0
BRDA:522,62,1,0
BRDA:522,63,0,0
BRDA:522,63,1,0
BRDA:522,64,0,0
BRDA:522,64,1,0
BRDA:522,65,0,0
BRDA:522,65,1,0
BRDA:522,66,0,0
BRDA:522,66,1,0
BRDA:533,67,0,0
BRDA:536,68,0,0
BRDA:536,68,1,0
BRDA:545,69,0,0
BRDA:545,69,1,0
BRDA:547,70,0,0
BRDA:547,70,1,0
BRDA:550,71,0,0
BRDA:570,72,0,0
BRDA:570,72,1,0
BRDA:570,73,0,0
BRDA:570,73,1,0
BRDA:570,74,0,0
BRDA:570,74,1,0
BRDA:574,75,0,0
BRDA:583,76,0,0
BRDA:583,77,0,0
BRDA:583,77,1,0
BRDA:585,78,0,0
BRDA:603,79,0,0
BRDA:603,79,1,0
BRDA:617,80,0,0
BRDA:638,81,0,0
BRDA:638,81,1,0
BRDA:649,82,0,0
BRDA:649,82,1,0
BRDA:654,83,0,0
BRDA:654,83,1,0
BRDA:667,84,0,0
BRDA:667,84,1,0
BRDA:680,85,0,0
BRDA:690,86,0,0
BRDA:706,87,0,0
BRDA:706,87,1,0
BRDA:717,88,0,0
BRDA:719,89,0,0
BRDA:719,90,0,0
BRDA:719,90,1,0
BRDA:729,91,0,0
BRDA:739,92,0,0
BRDA:739,93,0,0
BRDA:739,93,1,0
BRDA:742,94,0,0
BRDA:742,94,1,0
BRDA:742,95,0,0
BRDA:742,95,1,0
BRDA:742,96,0,0
BRDA:742,96,1,0
BRDA:750,97,0,0
BRDA:750,98,0,0
BRDA:750,98,1,0
BRDA:751,99,0,0
BRDA:751,99,1,0
BRDA:751,100,0,0
BRDA:751,100,1,0
BRDA:751,101,0,0
BRDA:751,101,1,0
BRDA:752,102,0,0
BRDA:752,103,0,0
BRDA:752,103,1,0
BRDA:752,104,0,0
BRDA:752,104,1,0
BRDA:773,105,0,0
BRDA:773,105,1,0
BRDA:787,106,0,0
BRDA:805,107,0,0
BRDA:805,107,1,0
BRF:173
BRH:0
end_of_record
TN:
SF:src/core/order/order.service.ts
FN:34,(anonymous_8)
FN:39,(anonymous_9)
FN:49,(anonymous_10)
FN:58,(anonymous_11)
FN:78,(anonymous_12)
FN:96,(anonymous_14)
FN:114,(anonymous_15)
FN:124,(anonymous_17)
FN:133,(anonymous_18)
FN:134,(anonymous_19)
FN:159,(anonymous_20)
FN:165,(anonymous_21)
FN:195,(anonymous_22)
FN:205,(anonymous_23)
FN:234,(anonymous_25)
FN:280,(anonymous_27)
FN:320,(anonymous_29)
FN:337,(anonymous_30)
FN:380,(anonymous_32)
FN:391,(anonymous_34)
FN:392,(anonymous_35)
FN:449,(anonymous_36)
FN:450,(anonymous_37)
FN:484,(anonymous_38)
FN:485,(anonymous_39)
FN:522,(anonymous_40)
FN:534,(anonymous_42)
FN:589,(anonymous_44)
FN:623,(anonymous_46)
FN:653,(anonymous_48)
FN:687,(anonymous_50)
FN:704,(anonymous_52)
FN:718,(anonymous_54)
FN:746,(anonymous_56)
FN:816,(anonymous_58)
FN:821,(anonymous_59)
FNF:36
FNH:1
FNDA:2,(anonymous_8)
FNDA:0,(anonymous_9)
FNDA:0,(anonymous_10)
FNDA:0,(anonymous_11)
FNDA:0,(anonymous_12)
FNDA:0,(anonymous_14)
FNDA:0,(anonymous_15)
FNDA:0,(anonymous_17)
FNDA:0,(anonymous_18)
FNDA:0,(anonymous_19)
FNDA:0,(anonymous_20)
FNDA:0,(anonymous_21)
FNDA:0,(anonymous_22)
FNDA:0,(anonymous_23)
FNDA:0,(anonymous_25)
FNDA:0,(anonymous_27)
FNDA:0,(anonymous_29)
FNDA:0,(anonymous_30)
FNDA:0,(anonymous_32)
FNDA:0,(anonymous_34)
FNDA:0,(anonymous_35)
FNDA:0,(anonymous_36)
FNDA:0,(anonymous_37)
FNDA:0,(anonymous_38)
FNDA:0,(anonymous_39)
FNDA:0,(anonymous_40)
FNDA:0,(anonymous_42)
FNDA:0,(anonymous_44)
FNDA:0,(anonymous_46)
FNDA:0,(anonymous_48)
FNDA:0,(anonymous_50)
FNDA:0,(anonymous_52)
FNDA:0,(anonymous_54)
FNDA:0,(anonymous_56)
FNDA:0,(anonymous_58)
FNDA:0,(anonymous_59)
DA:1,2
DA:3,2
DA:4,2
DA:5,2
DA:6,2
DA:7,2
DA:8,2
DA:9,2
DA:10,2
DA:30,2
DA:35,2
DA:36,2
DA:40,0
DA:42,0
DA:43,0
DA:46,0
DA:50,0
DA:51,0
DA:52,0
DA:55,0
DA:62,0
DA:63,0
DA:66,0
DA:68,0
DA:70,0
DA:72,0
DA:74,0
DA:79,0
DA:80,0
DA:81,0
DA:84,0
DA:85,0
DA:88,0
DA:89,0
DA:92,0
DA:93,0
DA:94,0
DA:95,0
DA:96,0
DA:98,0
DA:99,0
DA:102,0
DA:103,0
DA:106,0
DA:107,0
DA:111,0
DA:115,0
DA:116,0
DA:117,0
DA:119,0
DA:120,0
DA:123,0
DA:124,0
DA:129,0
DA:130,0
DA:133,0
DA:134,0
DA:135,0
DA:136,0
DA:138,0
DA:139,0
DA:142,0
DA:143,0
DA:144,0
DA:147,0
DA:148,0
DA:150,0
DA:159,0
DA:160,0
DA:161,0
DA:163,0
DA:165,0
DA:173,0
DA:179,0
DA:180,0
DA:183,0
DA:185,0
DA:195,0
DA:206,0
DA:207,0
DA:208,0
DA:209,0
DA:212,0
DA:213,0
DA:214,0
DA:215,0
DA:217,0
DA:230,0
DA:235,0
DA:236,0
DA:237,0
DA:247,0
DA:248,0
DA:261,0
DA:262,0
DA:263,0
DA:276,0
DA:281,0
DA:282,0
DA:283,0
DA:285,0
DA:286,0
DA:300,0
DA:301,0
DA:302,0
DA:316,0
DA:321,0
DA:331,0
DA:338,0
DA:339,0
DA:340,0
DA:343,0
DA:344,0
DA:346,0
DA:368,0
DA:369,0
DA:371,0
DA:373,0
DA:381,0
DA:392,0
DA:410,0
DA:411,0
DA:413,0
DA:414,0
DA:415,0
DA:416,0
DA:417,0
DA:418,0
DA:420,0
DA:421,0
DA:422,0
DA:423,0
DA:426,0
DA:438,0
DA:450,0
DA:459,0
DA:460,0
DA:462,0
DA:473,0
DA:485,0
DA:495,0
DA:496,0
DA:498,0
DA:500,0
DA:511,0
DA:523,0
DA:535,0
DA:536,0
DA:537,0
DA:540,0
DA:541,0
DA:544,0
DA:545,0
DA:546,0
DA:549,0
DA:554,0
DA:557,0
DA:559,0
DA:560,0
DA:562,0
DA:563,0
DA:567,0
DA:569,0
DA:570,0
DA:571,0
DA:578,0
DA:582,0
DA:583,0
DA:590,0
DA:591,0
DA:592,0
DA:595,0
DA:596,0
DA:597,0
DA:600,0
DA:601,0
DA:602,0
DA:605,0
DA:607,0
DA:620,0
DA:629,0
DA:630,0
DA:631,0
DA:632,0
DA:635,0
DA:636,0
DA:637,0
DA:638,0
DA:645,0
DA:647,0
DA:654,0
DA:655,0
DA:656,0
DA:659,0
DA:660,0
DA:663,0
DA:664,0
DA:665,0
DA:666,0
DA:669,0
DA:670,0
DA:671,0
DA:672,0
DA:674,0
DA:675,0
DA:678,0
DA:679,0
DA:681,0
DA:691,0
DA:705,0
DA:730,0
DA:731,0
DA:732,0
DA:735,0
DA:736,0
DA:739,0
DA:740,0
DA:759,0
DA:761,0
DA:762,0
DA:763,0
DA:764,0
DA:765,0
DA:768,0
DA:808,0
DA:815,0
DA:816,0
DA:817,0
DA:820,0
DA:821,0
DA:822,0
DA:825,0
LF:232
LH:12
BRDA:40,0,0,0
BRDA:40,0,1,0
BRDA:40,1,0,0
BRDA:40,1,1,0
BRDA:42,2,0,0
BRDA:49,3,0,0
BRDA:51,4,0,0
BRDA:51,5,0,0
BRDA:51,5,1,0
BRDA:62,6,0,0
BRDA:62,7,0,0
BRDA:62,7,1,0
BRDA:66,8,0,0
BRDA:66,8,1,0
BRDA:66,8,2,0
BRDA:66,8,3,0
BRDA:80,9,0,0
BRDA:84,10,0,0
BRDA:88,11,0,0
BRDA:89,12,0,0
BRDA:89,12,1,0
BRDA:92,13,0,0
BRDA:98,14,0,0
BRDA:98,15,0,0
BRDA:98,15,1,0
BRDA:102,16,0,0
BRDA:102,17,0,0
BRDA:102,17,1,0
BRDA:106,18,0,0
BRDA:106,19,0,0
BRDA:106,19,1,0
BRDA:117,20,0,0
BRDA:117,20,1,0
BRDA:119,21,0,0
BRDA:129,22,0,0
BRDA:138,23,0,0
BRDA:143,24,0,0
BRDA:143,25,0,0
BRDA:143,25,1,0
BRDA:160,26,0,0
BRDA:160,26,1,0
BRDA:201,27,0,0
BRDA:201,27,1,0
BRDA:201,28,0,0
BRDA:201,28,1,0
BRDA:208,29,0,0
BRDA:208,30,0,0
BRDA:208,30,1,0
BRDA:208,31,0,0
BRDA:208,31,1,0
BRDA:213,32,0,0
BRDA:213,32,1,0
BRDA:213,33,0,0
BRDA:213,33,1,0
BRDA:213,34,0,0
BRDA:213,34,1,0
BRDA:214,35,0,0
BRDA:214,35,1,0
BRDA:214,36,0,0
BRDA:214,36,1,0
BRDA:214,37,0,0
BRDA:214,37,1,0
BRDA:215,38,0,0
BRDA:215,38,1,0
BRDA:215,39,0,0
BRDA:215,39,1,0
BRDA:225,40,0,0
BRDA:225,40,1,0
BRDA:225,41,0,0
BRDA:225,41,1,0
BRDA:236,42,0,0
BRDA:236,42,1,0
BRDA:236,43,0,0
BRDA:236,43,1,0
BRDA:236,44,0,0
BRDA:236,44,1,0
BRDA:247,45,0,0
BRDA:262,46,0,0
BRDA:262,47,0,0
BRDA:262,47,1,0
BRDA:262,48,0,0
BRDA:262,48,1,0
BRDA:282,49,0,0
BRDA:282,49,1,0
BRDA:282,50,0,0
BRDA:282,50,1,0
BRDA:282,51,0,0
BRDA:282,51,1,0
BRDA:283,52,0,0
BRDA:283,52,1,0
BRDA:285,53,0,0
BRDA:301,54,0,0
BRDA:301,55,0,0
BRDA:301,55,1,0
BRDA:301,56,0,0
BRDA:301,56,1,0
BRDA:325,57,0,0
BRDA:325,57,1,0
BRDA:339,58,0,0
BRDA:339,59,0,0
BRDA:339,59,1,0
BRDA:339,59,2,0
BRDA:339,59,3,0
BRDA:351,60,0,0
BRDA:351,60,1,0
BRDA:357,61,0,0
BRDA:357,61,1,0
BRDA:358,62,0,0
BRDA:358,62,1,0
BRDA:392,63,0,0
BRDA:393,64,0,0
BRDA:394,65,0,0
BRDA:413,66,0,0
BRDA:414,67,0,0
BRDA:415,68,0,0
BRDA:416,69,0,0
BRDA:417,70,0,0
BRDA:418,71,0,0
BRDA:420,72,0,0
BRDA:420,73,0,0
BRDA:420,73,1,0
BRDA:422,74,0,0
BRDA:423,75,0,0
BRDA:451,76,0,0
BRDA:452,77,0,0
BRDA:486,78,0,0
BRDA:487,79,0,0
BRDA:498,80,0,0
BRDA:536,81,0,0
BRDA:540,82,0,0
BRDA:545,83,0,0
BRDA:549,84,0,0
BRDA:550,85,0,0
BRDA:550,85,1,0
BRDA:550,85,2,0
BRDA:559,86,0,0
BRDA:562,87,0,0
BRDA:562,88,0,0
BRDA:562,88,1,0
BRDA:569,89,0,0
BRDA:574,90,0,0
BRDA:574,90,1,0
BRDA:574,91,0,0
BRDA:574,91,1,0
BRDA:591,92,0,0
BRDA:596,93,0,0
BRDA:596,94,0,0
BRDA:596,94,1,0
BRDA:600,95,0,0
BRDA:600,96,0,0
BRDA:600,96,1,0
BRDA:602,97,0,0
BRDA:602,97,1,0
BRDA:615,98,0,0
BRDA:615,98,1,0
BRDA:615,99,0,0
BRDA:615,99,1,0
BRDA:631,100,0,0
BRDA:640,101,0,0
BRDA:640,101,1,0
BRDA:641,102,0,0
BRDA:641,102,1,0
BRDA:655,103,0,0
BRDA:659,104,0,0
BRDA:664,105,0,0
BRDA:666,106,0,0
BRDA:666,106,1,0
BRDA:674,107,0,0
BRDA:675,108,0,0
BRDA:675,108,1,0
BRDA:731,109,0,0
BRDA:735,110,0,0
BRDA:761,111,0,0
BRDA:762,112,0,0
BRDA:762,113,0,0
BRDA:762,113,1,0
BRDA:764,114,0,0
BRDA:765,115,0,0
BRDA:808,116,0,0
BRDA:808,116,1,0
BRDA:827,117,0,0
BRDA:827,117,1,0
BRF:182
BRH:0
end_of_record
TN:
SF:src/core/payment/payment.service.ts
FN:18,(anonymous_7)
FN:19,(anonymous_8)
FN:29,(anonymous_9)
FN:48,(anonymous_10)
FN:149,(anonymous_12)
FNF:5
FNH:0
FNDA:0,(anonymous_7)
FNDA:0,(anonymous_8)
FNDA:0,(anonymous_9)
FNDA:0,(anonymous_10)
FNDA:0,(anonymous_12)
DA:1,2
DA:2,2
DA:3,2
DA:4,2
DA:17,2
DA:19,0
DA:21,0
DA:22,0
DA:23,0
DA:26,0
DA:30,0
DA:31,0
DA:34,0
DA:35,0
DA:38,0
DA:39,0
DA:42,0
DA:58,0
DA:61,0
DA:62,0
DA:63,0
DA:66,0
DA:67,0
DA:70,0
DA:71,0
DA:74,0
DA:75,0
DA:76,0
DA:79,0
DA:86,0
DA:87,0
DA:90,0
DA:91,0
DA:97,0
DA:98,0
DA:99,0
DA:101,0
DA:108,0
DA:127,0
DA:128,0
DA:130,0
DA:146,0
DA:150,0
DA:157,0
DA:158,0
DA:161,0
DA:162,0
DA:165,0
LF:48
LH:5
BRDA:30,0,0,0
BRDA:34,1,0,0
BRDA:38,2,0,0
BRDA:62,3,0,0
BRDA:66,4,0,0
BRDA:70,5,0,0
BRDA:74,6,0,0
BRDA:74,6,1,0
BRDA:74,7,0,0
BRDA:74,7,1,0
BRDA:75,8,0,0
BRDA:75,9,0,0
BRDA:75,9,1,0
BRDA:86,10,0,0
BRDA:86,11,0,0
BRDA:86,11,1,0
BRDA:86,12,0,0
BRDA:86,12,1,0
BRDA:90,13,0,0
BRDA:90,14,0,0
BRDA:90,14,1,0
BRDA:90,14,2,0
BRDA:90,15,0,0
BRDA:90,15,1,0
BRDA:90,16,0,0
BRDA:90,16,1,0
BRDA:92,17,0,0
BRDA:92,17,1,0
BRDA:92,18,0,0
BRDA:92,18,1,0
BRDA:99,19,0,0
BRDA:99,19,1,0
BRDA:119,20,0,0
BRDA:119,20,1,0
BRDA:120,21,0,0
BRDA:120,21,1,0
BRDA:128,22,0,0
BRDA:128,22,1,0
BRDA:128,23,0,0
BRDA:128,23,1,0
BRDA:135,24,0,0
BRDA:135,24,1,0
BRDA:136,25,0,0
BRDA:136,25,1,0
BRDA:136,26,0,0
BRDA:136,26,1,0
BRDA:137,27,0,0
BRDA:137,27,1,0
BRDA:137,28,0,0
BRDA:137,28,1,0
BRDA:137,29,0,0
BRDA:137,29,1,0
BRDA:138,30,0,0
BRDA:138,30,1,0
BRDA:138,31,0,0
BRDA:138,31,1,0
BRDA:138,32,0,0
BRDA:138,32,1,0
BRDA:139,33,0,0
BRDA:139,33,1,0
BRDA:139,34,0,0
BRDA:139,34,1,0
BRDA:139,35,0,0
BRDA:139,35,1,0
BRDA:146,36,0,0
BRDA:146,36,1,0
BRDA:157,37,0,0
BRDA:161,38,0,0
BRF:68
BRH:0
end_of_record
TN:
SF:src/core/personal-delivery/personal-delivery.controller.ts
FN:9,(anonymous_7)
FN:16,(anonymous_8)
FN:16,(anonymous_9)
FN:86,(anonymous_10)
FN:86,(anonymous_11)
FN:138,(anonymous_12)
FN:138,(anonymous_13)
FN:168,(anonymous_14)
FN:168,(anonymous_15)
FN:200,(anonymous_16)
FN:200,(anonymous_17)
FN:237,(anonymous_18)
FN:237,(anonymous_19)
FN:273,(anonymous_20)
FN:273,(anonymous_21)
FN:321,(anonymous_22)
FN:321,(anonymous_23)
FN:335,(anonymous_24)
FN:342,(anonymous_25)
FNF:19
FNH:1
FNDA:2,(anonymous_7)
FNDA:0,(anonymous_8)
FNDA:0,(anonymous_9)
FNDA:0,(anonymous_10)
FNDA:0,(anonymous_11)
FNDA:0,(anonymous_12)
FNDA:0,(anonymous_13)
FNDA:0,(anonymous_14)
FNDA:0,(anonymous_15)
FNDA:0,(anonymous_16)
FNDA:0,(anonymous_17)
FNDA:0,(anonymous_18)
FNDA:0,(anonymous_19)
FNDA:0,(anonymous_20)
FNDA:0,(anonymous_21)
FNDA:0,(anonymous_22)
FNDA:0,(anonymous_23)
FNDA:0,(anonymous_24)
FNDA:0,(anonymous_25)
DA:2,2
DA:3,2
DA:4,2
DA:6,2
DA:10,2
DA:16,2
DA:17,0
DA:19,0
DA:20,0
DA:21,0
DA:25,0
DA:28,0
DA:29,0
DA:30,0
DA:34,0
DA:37,0
DA:43,0
DA:44,0
[...]
BRDA:29,5,0,4
BRDA:29,5,1,4
BRDA:34,6,0,0
BRDA:34,7,0,0
BRDA:34,7,1,0
BRDA:34,8,0,0
BRDA:34,8,1,0
BRDA:34,9,0,0
BRDA:34,9,1,0
BRDA:34,10,0,0
BRDA:34,10,1,0
BRF:21
BRH:9
end_of_record
TN:
SF:src/models/Category.ts
FNF:0
FNH:0
DA:1,3
DA:5,3
DA:37,3
DA:39,3
LF:4
LH:4
BRF:0
BRH:0
end_of_record
TN:
SF:src/models/ChatConversation.ts
FNF:0
FNH:0
DA:1,3
DA:4,3
DA:17,3
DA:52,3
DA:53,3
DA:54,3
DA:56,3
DA:57,3
DA:59,3
LF:9
LH:9
BRF:0
BRH:0
end_of_record
TN:
SF:src/models/ChatMessage.ts
FNF:0
FNH:0
DA:1,3
DA:4,3
DA:12,3
DA:38,3
DA:39,3
DA:41,3
DA:42,3
DA:44,3
LF:8
LH:8
BRF:0
BRH:0
end_of_record
TN:
SF:src/models/Coupon.ts
FNF:0
FNH:0
DA:1,3
DA:23,3
DA:43,3
DA:45,3
LF:4
LH:4
BRF:0
BRH:0
end_of_record
TN:
SF:src/models/Delivery.ts
FN:29,(anonymous_0)
FNF:1
FNH:1
FNDA:2,(anonymous_0)
DA:1,2
DA:2,2
DA:4,2
DA:29,2
DA:30,2
DA:35,2
DA:41,2
DA:44,2
DA:45,2
DA:46,2
DA:48,2
LF:11
LH:11
BRDA:30,0,0,2
BRDA:31,1,0,2
BRDA:31,1,1,2
BRDA:31,1,2,2
BRF:4
BRH:4
end_of_record
TN:
SF:src/models/Driver.ts
FN:138,(anonymous_16)
FN:148,(anonymous_17)
FN:181,(anonymous_19)
FN:189,(anonymous_21)
FN:202,(anonymous_23)
FN:207,(anonymous_24)
FN:232,(anonymous_26)
FN:262,(anonymous_28)
FN:270,(anonymous_29)
FN:279,(anonymous_30)
FNF:10
FNH:0
FNDA:0,(anonymous_16)
FNDA:0,(anonymous_17)
FNDA:0,(anonymous_19)
FNDA:0,(anonymous_21)
FNDA:0,(anonymous_23)
FNDA:0,(anonymous_24)
FNDA:0,(anonymous_26)
FNDA:0,(anonymous_28)
FNDA:0,(anonymous_29)
FNDA:0,(anonymous_30)
DA:1,3
DA:2,3
DA:52,3
DA:122,3
DA:130,3
DA:138,3
DA:139,0
DA:140,0
DA:142,0
DA:148,3
DA:149,0
DA:150,0
DA:155,0
DA:161,0
DA:162,0
DA:164,0
DA:165,0
DA:168,0
DA:169,0
DA:172,0
DA:174,0
DA:181,3
DA:182,0
DA:183,0
DA:184,0
DA:185,0
DA:189,3
DA:190,0
DA:191,0
DA:194,0
DA:195,0
DA:197,0
DA:198,0
DA:202,3
DA:203,0
DA:207,3
DA:208,0
DA:210,0
DA:232,3
DA:233,0
DA:235,0
DA:249,0
DA:262,3
DA:263,0
DA:270,3
DA:271,0
DA:279,3
DA:280,0
DA:289,3
DA:290,3
DA:291,3
DA:293,3
DA:294,3
DA:296,3
LF:54
LH:21
BRDA:139,0,0,0
BRDA:140,1,0,0
BRDA:140,1,1,0
BRDA:140,2,0,0
BRDA:140,2,1,0
BRDA:150,3,0,0
BRDA:151,4,0,0
BRDA:151,4,1,0
BRDA:151,4,2,0
BRDA:164,5,0,0
BRDA:168,6,0,0
BRDA:203,7,0,0
BRDA:203,7,1,0
BRDA:214,8,0,0
BRDA:214,8,1,0
BRDA:214,9,0,0
BRDA:214,9,1,0
BRDA:215,10,0,0
BRDA:215,10,1,0
BRDA:215,11,0,0
BRDA:215,11,1,0
BRDA:216,12,0,0
BRDA:216,12,1,0
BRDA:216,13,0,0
BRDA:216,13,1,0
BRDA:217,14,0,0
BRDA:217,14,1,0
BRDA:217,15,0,0
BRDA:217,15,1,0
BRDA:251,16,0,0
BRDA:251,16,1,0
BRDA:279,17,0,0
BRF:32
BRH:0
end_of_record
TN:
SF:src/models/Geo.ts
FN:14,(anonymous_0)
FN:33,(anonymous_1)
FN:34,(anonymous_2)
FNF:3
FNH:1
FNDA:6,(anonymous_0)
FNDA:0,(anonymous_1)
FNDA:0,(anonymous_2)
DA:1,5
DA:3,5
DA:14,6
DA:22,5
DA:34,0
LF:5
LH:4
BRDA:14,0,0,6
BRDA:14,0,1,6
BRDA:34,1,0,0
BRDA:34,1,1,0
BRDA:34,2,0,0
BRDA:34,2,1,0
BRF:6
BRH:2
end_of_record
TN:
SF:src/models/LoyaltyProgram.ts
FNF:0
FNH:0
DA:1,3
DA:42,3
DA:76,3
DA:78,3
LF:4
LH:4
BRF:0
BRH:0
end_of_record
TN:
SF:src/models/LoyaltyTransaction.ts
FNF:0
FNH:0
DA:1,3
DA:27,3
DA:53,3
DA:54,3
DA:55,3
DA:57,3
LF:6
LH:6
BRF:0
BRH:0
end_of_record
TN:
SF:src/models/Notification.ts
FNF:0
FNH:0
DA:1,2
DA:3,2
DA:15,2
DA:16,2
DA:18,2
LF:5
LH:5
BRF:0
BRH:0
end_of_record
TN:
SF:src/models/Order.ts
FN:45,(anonymous_16)
FN:177,(anonymous_17)
FN:178,(anonymous_18)
FN:182,(anonymous_19)
FN:192,(anonymous_20)
FN:226,(anonymous_22)
FN:235,(anonymous_23)
FN:256,(anonymous_24)
FN:286,(anonymous_26)
FN:304,(anonymous_28)
FN:328,(anonymous_29)
FN:334,(anonymous_30)
FN:339,(anonymous_31)
FN:354,(anonymous_32)
FNF:14
FNH:5
FNDA:2,(anonymous_16)
FNDA:0,(anonymous_17)
FNDA:0,(anonymous_18)
FNDA:0,(anonymous_19)
FNDA:2,(anonymous_20)
FNDA:2,(anonymous_22)
FNDA:2,(anonymous_23)
FNDA:2,(anonymous_24)
FNDA:0,(anonymous_26)
FNDA:0,(anonymous_28)
FNDA:0,(anonymous_29)
FNDA:0,(anonymous_30)
FNDA:0,(anonymous_31)
FNDA:0,(anonymous_32)
DA:1,3
DA:3,3
DA:5,3
DA:31,3
DA:45,2
DA:153,3
DA:161,3
DA:169,3
DA:177,3
DA:178,0
DA:182,3
DA:183,0
DA:184,0
DA:186,0
DA:192,3
DA:193,2
DA:195,2
DA:196,2
DA:197,2
DA:198,0
DA:202,2
DA:203,2
DA:204,2
DA:205,0
DA:209,2
DA:210,2
DA:211,2
DA:212,2
DA:213,0
DA:217,2
DA:219,0
DA:226,3
DA:227,2
DA:235,2
DA:236,2
DA:237,2
DA:241,2
DA:244,2
DA:245,0
DA:252,2
DA:256,3
DA:257,2
DA:258,2
DA:259,2
DA:264,2
DA:265,2
DA:273,2
DA:281,0
DA:286,3
DA:287,0
DA:288,0
DA:289,0
DA:290,0
DA:293,0
DA:294,0
DA:302,0
DA:303,0
DA:304,0
DA:305,0
DA:307,0
DA:316,0
DA:320,0
DA:328,3
DA:329,0
DA:330,0
DA:334,3
DA:335,0
DA:339,3
DA:340,0
DA:341,0
DA:345,0
DA:346,0
DA:347,0
DA:349,0
DA:354,3
DA:355,0
DA:365,3
DA:366,3
DA:368,3
LF:79
LH:46
BRDA:183,0,0,0
BRDA:183,1,0,0
BRDA:183,1,1,0
BRDA:197,2,0,0
BRDA:197,3,0,2
BRDA:197,3,1,2
BRDA:204,4,0,0
BRDA:204,5,0,2
BRDA:204,5,1,2
BRDA:212,6,0,0
BRDA:212,7,0,2
BRDA:212,7,1,2
BRDA:227,8,0,2
BRDA:228,9,0,2
BRDA:228,9,1,0
BRDA:228,9,2,0
BRDA:228,9,3,0
BRDA:228,9,4,0
BRDA:228,9,5,0
BRDA:238,10,0,2
BRDA:238,10,1,2
BRDA:239,11,0,2
BRDA:239,11,1,2
BRDA:240,12,0,2
BRDA:240,12,1,2
BRDA:244,13,0,0
BRDA:288,14,0,0
BRDA:288,15,0,0
BRDA:288,15,1,0
BRDA:288,15,2,0
BRDA:288,15,3,0
BRDA:302,16,0,0
BRDA:305,17,0,0
BRDA:305,17,1,0
BRDA:305,18,0,0
BRDA:305,18,1,0
BRDA:305,19,0,0
BRDA:305,19,1,0
BRDA:305,20,0,0
BRDA:305,20,1,0
BRDA:305,21,0,0
BRDA:305,21,1,0
BRDA:335,22,0,0
BRDA:335,22,1,0
BRDA:340,23,0,0
BRDA:346,24,0,0
BRDA:346,24,1,0
BRF:47
BRH:14
end_of_record
TN:
SF:src/models/Payment.ts
FNF:0
FNH:0
DA:1,2
DA:3,2
DA:33,2
DA:34,2
DA:36,2
LF:5
LH:5
BRF:0
BRH:0
end_of_record
TN:
SF:src/models/PersonalDelivery.ts
FN:132,(anonymous_0)
FNF:1
FNH:0
FNDA:0,(anonymous_0)
DA:1,2
DA:60,2
DA:87,2
DA:132,0
DA:202,2
DA:203,2
DA:204,2
DA:205,2
DA:206,2
DA:207,2
DA:209,2
LF:11
LH:10
BRF:0
BRH:0
end_of_record
TN:
SF:src/models/Product.ts
FNF:0
FNH:0
DA:1,4
DA:35,4
DA:74,4
DA:75,4
DA:76,4
DA:78,4
DA:79,4
LF:7
LH:7
BRF:0
BRH:0
end_of_record
TN:
SF:src/models/Promotion.ts
FNF:0
FNH:0
DA:1,2
DA:19,2
DA:35,2
DA:36,2
DA:38,2
LF:5
LH:5
BRF:0
BRH:0
end_of_record
TN:
SF:src/models/Restaurant.ts
FN:120,(anonymous_9)
FNF:1
FNH:0
FNDA:0,(anonymous_9)
DA:1,3
DA:10,3
DA:70,3
DA:120,0
DA:182,3
DA:183,3
DA:184,3
DA:185,3
DA:186,3
DA:188,3
DA:190,3
LF:11
LH:10
BRF:0
BRH:0
end_of_record
TN:
SF:src/models/Route.ts
FNF:0
FNH:0
DA:1,2
DA:2,2
DA:24,2
DA:58,2
DA:60,2
LF:5
LH:5
BRF:0
BRH:0
end_of_record
TN:
SF:src/models/User.ts
FN:89,(anonymous_7)
FN:102,(anonymous_8)
FN:108,(anonymous_10)
FN:117,(anonymous_12)
FN:122,(anonymous_13)
FN:127,(anonymous_14)
FN:136,(anonymous_16)
FN:152,(anonymous_18)
FN:157,(anonymous_19)
FNF:9
FNH:1
FNDA:24,(anonymous_7)
FNDA:0,(anonymous_8)
FNDA:0,(anonymous_10)
FNDA:0,(anonymous_12)
FNDA:0,(anonymous_13)
FNDA:0,(anonymous_14)
FNDA:0,(anonymous_16)
FNDA:0,(anonymous_18)
FNDA:0,(anonymous_19)
DA:1,5
DA:3,5
DA:5,5
DA:39,5
DA:47,5
DA:55,5
DA:63,5
DA:71,5
DA:79,5
DA:89,5
DA:90,24
DA:91,24
DA:92,24
DA:93,0
DA:96,24
DA:102,5
DA:103,0
DA:104,0
DA:108,5
DA:109,0
DA:110,0
DA:111,0
DA:117,5
DA:118,0
DA:122,5
DA:123,0
DA:127,5
DA:128,0
DA:130,0
DA:131,0
DA:132,0
DA:136,5
DA:137,0
DA:138,0
DA:141,0
DA:142,0
DA:144,0
DA:145,0
DA:148,0
DA:152,5
DA:153,0
DA:157,5
DA:158,0
DA:166,0
DA:167,0
DA:168,0
DA:169,0
DA:180,0
DA:188,0
DA:189,0
DA:190,0
DA:191,0
DA:192,0
DA:193,0
DA:197,0
DA:201,5
DA:202,5
DA:204,5
LF:58
LH:25
BRDA:90,0,0,24
BRDA:92,1,0,0
BRDA:110,2,0,0
BRDA:118,3,0,0
BRDA:118,3,1,0
BRDA:123,4,0,0
BRDA:123,4,1,0
BRDA:128,5,0,0
BRDA:137,6,0,0
BRDA:144,7,0,0
BRDA:153,8,0,0
BRDA:153,8,1,0
BRDA:166,9,0,0
BRDA:188,10,0,0
BRDA:191,11,0,0
BRF:15
BRH:1
end_of_record
TN:
SF:src/models/Vendor.ts
FN:60,(anonymous_7)
FN:65,(anonymous_8)
FN:70,(anonymous_9)
FN:78,(anonymous_10)
FN:90,(anonymous_11)
FN:124,(anonymous_13)
FN:139,(anonymous_15)
FN:165,(anonymous_17)
FN:170,(anonymous_18)
FN:231,(anonymous_20)
FN:234,(anonymous_21)
FN:243,(anonymous_22)
FN:250,(anonymous_23)
FNF:13
FNH:2
FNDA:0,(anonymous_7)
FNDA:0,(anonymous_8)
FNDA:0,(anonymous_9)
FNDA:0,(anonymous_10)
FNDA:2,(anonymous_11)
FNDA:2,(anonymous_13)
FNDA:0,(anonymous_15)
FNDA:0,(anonymous_17)
FNDA:0,(anonymous_18)
FNDA:0,(anonymous_20)
FNDA:0,(anonymous_21)
FNDA:0,(anonymous_22)
FNDA:0,(anonymous_23)
DA:1,3
DA:4,3
DA:11,3
DA:36,3
DA:44,3
DA:52,3
DA:60,3
DA:61,0
DA:65,3
DA:66,0
DA:70,3
DA:71,0
DA:72,0
DA:74,0
DA:75,0
DA:76,0
DA:78,0
DA:79,0
DA:81,0
DA:82,0
DA:84,0
DA:90,3
DA:91,2
DA:93,2
DA:94,2
DA:95,2
DA:96,0
DA:99,2
DA:100,0
DA:103,2
DA:104,0
DA:108,2
DA:109,2
DA:110,2
DA:111,0
DA:115,2
DA:117,0
DA:124,3
DA:125,2
DA:127,2
DA:128,2
DA:134,0
DA:139,3
DA:140,0
DA:141,0
DA:143,0
DA:144,0
DA:150,0
DA:151,0
DA:157,0
DA:165,3
DA:166,0
DA:170,3
DA:171,0
DA:179,0
DA:180,0
DA:181,0
DA:184,0
DA:197,0
DA:198,0
DA:199,0
DA:203,0
DA:217,0
DA:218,0
DA:219,0
DA:220,0
DA:224,0
DA:227,0
DA:231,3
DA:232,0
DA:234,0
DA:243,3
DA:244,0
DA:245,0
DA:247,0
DA:248,0
DA:250,0
DA:251,0
DA:253,0
DA:254,0
DA:256,0
DA:260,3
DA:261,3
DA:263,3
LF:84
LH:32
BRDA:61,0,0,0
BRDA:61,0,1,0
BRDA:66,1,0,0
BRDA:66,1,1,0
BRDA:71,2,0,0
BRDA:72,3,0,0
BRDA:79,4,0,0
BRDA:79,5,0,0
BRDA:79,5,1,0
BRDA:81,6,0,0
BRDA:81,7,0,0
BRDA:81,7,1,0
BRDA:82,8,0,0
BRDA:82,9,0,0
BRDA:82,9,1,0
BRDA:95,10,0,0
BRDA:99,11,0,0
BRDA:103,12,0,0
BRDA:108,13,0,2
BRDA:110,14,0,0
BRDA:140,15,0,0
BRDA:140,16,0,0
BRDA:140,16,1,0
BRDA:140,17,0,0
BRDA:140,17,1,0
BRDA:140,18,0,0
BRDA:140,18,1,0
BRDA:166,19,0,0
BRDA:166,19,1,0
BRDA:166,19,2,0
BRDA:197,20,0,0
BRDA:217,21,0,0
BRDA:244,22,0,0
BRDA:245,23,0,0
BRDA:251,24,0,0
BRDA:251,25,0,0
BRDA:251,25,1,0
BRDA:253,26,0,0
BRDA:253,27,0,0
BRDA:253,27,1,0
BRDA:254,28,0,0
BRDA:254,29,0,0
BRDA:254,29,1,0
BRF:43
BRH:1
end_of_record
TN:
SF:src/models/index.ts
FN:1,(anonymous_1)
FN:2,(anonymous_2)
FN:3,(anonymous_3)
FN:4,(anonymous_4)
FN:5,(anonymous_5)
FN:6,(anonymous_6)
FN:7,(anonymous_7)
FN:8,(anonymous_8)
FN:9,(anonymous_9)
FN:10,(anonymous_10)
FN:11,(anonymous_11)
FNF:11
FNH:1
FNDA:53,(anonymous_1)
FNDA:0,(anonymous_2)
FNDA:0,(anonymous_3)
FNDA:0,(anonymous_4)
FNDA:0,(anonymous_5)
FNDA:0,(anonymous_6)
FNDA:0,(anonymous_7)
FNDA:0,(anonymous_8)
FNDA:0,(anonymous_9)
FNDA:0,(anonymous_10)
FNDA:0,(anonymous_11)
DA:1,56
DA:2,3
DA:3,3
DA:4,3
DA:5,3
DA:6,3
DA:7,3
DA:8,3
DA:9,3
DA:10,3
DA:11,3
LF:11
LH:11
BRF:0
BRH:0
end_of_record
TN:
SF:src/realtime/realtime-infra.ts
FN:6,(anonymous_7)
FN:12,(anonymous_8)
FN:16,(anonymous_9)
FN:20,(anonymous_10)
FN:31,(anonymous_12)
FN:44,(anonymous_13)
FN:57,(anonymous_15)
FN:60,(anonymous_16)
FNF:8
FNH:1
FNDA:2,(anonymous_7)
FNDA:0,(anonymous_8)
FNDA:0,(anonymous_9)
FNDA:0,(anonymous_10)
FNDA:0,(anonymous_12)
FNDA:0,(anonymous_13)
FNDA:0,(anonymous_15)
FNDA:0,(anonymous_16)
DA:1,2
DA:2,2
DA:4,2
DA:7,2
DA:8,2
DA:9,2
DA:10,2
DA:13,0
DA:17,0
DA:21,0
DA:22,0
DA:25,0
DA:26,0
DA:29,0
DA:30,0
DA:31,0
DA:32,0
DA:34,0
DA:35,0
DA:36,0
DA:38,0
DA:39,0
DA:40,0
DA:45,0
DA:46,0
DA:49,0
DA:50,0
DA:53,0
DA:54,0
DA:55,0
DA:57,0
DA:58,0
DA:60,0
DA:61,0
DA:64,0
DA:65,0
DA:66,0
DA:67,0
DA:68,0
DA:70,0
DA:71,0
DA:72,0
DA:73,0
DA:74,0
DA:79,2
LF:45
LH:8
BRDA:13,0,0,0
BRDA:13,0,1,0
BRDA:17,1,0,0
BRDA:17,1,1,0
BRDA:21,2,0,0
BRDA:25,3,0,0
BRDA:45,4,0,0
BRDA:49,5,0,0
BRDA:49,6,0,0
BRDA:49,6,1,0
BRDA:49,6,2,0
BRF:11
BRH:0
end_of_record
TN:
SF:src/realtime/tracking-sync.service.ts
FN:15,(anonymous_7)
FN:18,(anonymous_8)
FN:22,(anonymous_10)
FN:27,(anonymous_12)
FN:30,(anonymous_13)
FN:40,(anonymous_15)
FN:56,(anonymous_17)
FN:61,(anonymous_18)
FN:70,(anonymous_20)
FNF:9
FNH:3
FNDA:2,(anonymous_7)
FNDA:0,(anonymous_8)
FNDA:0,(anonymous_10)
FNDA:2,(anonymous_12)
FNDA:0,(anonymous_13)
FNDA:0,(anonymous_15)
FNDA:2,(anonymous_17)
FNDA:0,(anonymous_18)
FNDA:0,(anonymous_20)
DA:13,2
DA:16,2
DA:19,0
DA:23,0
DA:28,2
DA:31,0
DA:32,0
DA:33,0
DA:36,0
DA:37,0
DA:41,0
DA:42,0
DA:43,0
DA:46,0
DA:57,2
DA:58,2
DA:62,0
DA:63,0
DA:64,0
DA:67,0
DA:71,0
DA:72,0
DA:76,2
LF:23
LH:6
BRDA:19,0,0,0
BRDA:19,0,1,0
BRDA:32,1,0,0
BRDA:37,2,0,0
BRDA:37,2,1,0
BRDA:42,3,0,0
BRDA:63,4,0,0
BRF:7
BRH:0
end_of_record
TN:
SF:src/realtime/tracking.gateway.ts
FN:7,(anonymous_7)
FN:10,(anonymous_8)
FN:14,(anonymous_9)
FN:29,(anonymous_11)
FN:35,(anonymous_12)
FN:35,(anonymous_13)
FN:54,(anonymous_14)
FN:54,(anonymous_15)
FN:62,(anonymous_16)
FN:62,(anonymous_17)
FN:75,(anonymous_18)
FN:75,(anonymous_19)
FN:85,(anonymous_20)
FN:104,(anonymous_21)
FN:104,(anonymous_22)
FN:121,(anonymous_23)
FNF:16
FNH:2
FNDA:2,(anonymous_7)
FNDA:0,(anonymous_8)
FNDA:0,(anonymous_9)
FNDA:0,(anonymous_11)
FNDA:0,(anonymous_12)
FNDA:0,(anonymous_13)
FNDA:0,(anonymous_14)
FNDA:0,(anonymous_15)
FNDA:0,(anonymous_16)
FNDA:0,(anonymous_17)
FNDA:0,(anonymous_18)
FNDA:0,(anonymous_19)
FNDA:0,(anonymous_20)
FNDA:0,(anonymous_21)
FNDA:0,(anonymous_22)
FNDA:4,(anonymous_23)
DA:2,2
DA:3,2
DA:4,2
DA:5,2
DA:8,2
DA:11,0
DA:15,0
DA:16,0
DA:19,0
DA:27,0
DA:29,0
DA:30,0
DA:35,0
DA:36,0
DA:37,0
DA:40,0
DA:41,0
DA:42,0
DA:43,0
DA:50,0
DA:54,0
DA:55,0
DA:56,0
DA:59,0
DA:62,0
DA:63,0
DA:64,0
DA:67,0
DA:68,0
DA:75,0
DA:76,0
DA:77,0
DA:80,0
DA:83,0
DA:86,0
DA:87,0
DA:90,0
DA:100,0
DA:101,0
DA:104,0
DA:105,0
DA:107,0
DA:108,0
DA:111,0
DA:118,0
DA:126,4
DA:127,4
DA:130,0
DA:138,2
LF:49
LH:8
BRDA:15,0,0,0
BRDA:21,1,0,0
BRDA:21,1,1,0
BRDA:21,1,2,0
BRDA:21,2,0,0
BRDA:21,2,1,0
BRDA:21,3,0,0
BRDA:21,3,1,0
BRDA:21,4,0,0
BRDA:21,4,1,0
BRDA:21,5,0,0
BRDA:21,5,1,0
BRDA:36,6,0,0
BRDA:42,7,0,0
BRDA:55,8,0,0
BRDA:63,9,0,0
BRDA:76,10,0,0
BRDA:86,11,0,0
BRDA:86,12,0,0
BRDA:86,12,1,0
BRDA:104,13,0,0
BRDA:107,14,0,0
BRDA:126,15,0,4
BRF:23
BRH:1
end_of_record
TN:
SF:src/routes/audit.routes.ts
FN:18,(anonymous_7)
FN:18,(anonymous_8)
FN:70,(anonymous_9)
FN:70,(anonymous_10)
FN:97,(anonymous_11)
FN:97,(anonymous_12)
FN:126,(anonymous_13)
FN:126,(anonymous_14)
FN:160,(anonymous_15)
FN:160,(anonymous_16)
FN:184,(anonymous_17)
FN:184,(anonymous_18)
FNF:12
FNH:0
FNDA:0,(anonymous_7)
FNDA:0,(anonymous_8)
FNDA:0,(anonymous_9)
FNDA:0,(anonymous_10)
FNDA:0,(anonymous_11)
FNDA:0,(anonymous_12)
FNDA:0,(anonymous_13)
FNDA:0,(anonymous_14)
FNDA:0,(anonymous_15)
FNDA:0,(anonymous_16)
FNDA:0,(anonymous_17)
FNDA:0,(anonymous_18)
DA:1,2
DA:2,2
DA:3,2
DA:4,2
DA:10,2
DA:15,2
DA:18,0
DA:19,0
DA:29,0
DA:31,0
DA:32,0
DA:33,0
DA:34,0
DA:35,0
DA:36,0
DA:37,0
DA:39,0
DA:45,0
DA:47,0
DA:58,0
DA:67,2
DA:70,0
DA:71,0
DA:72,0
DA:73,0
DA:75,0
DA:80,0
DA:85,0
DA:94,2
DA:97,0
DA:98,0
DA:99,0
DA:100,0
DA:102,0
DA:109,0
DA:114,0
DA:123,2
DA:126,0
DA:127,0
DA:128,0
DA:130,0
DA:131,0
DA:137,0
DA:143,0
DA:148,0
DA:157,2
DA:160,0
DA:161,0
DA:162,0
DA:164,0
DA:166,0
DA:172,0
DA:181,2
DA:184,0
DA:185,0
DA:186,0
DA:188,0
DA:189,0
DA:191,0
DA:193,0
DA:201,0
DA:209,2
LF:62
LH:12
BRDA:27,0,0,0
BRDA:28,1,0,0
BRDA:32,2,0,0
BRDA:33,3,0,0
BRDA:34,4,0,0
BRDA:35,5,0,0
BRDA:36,6,0,0
BRDA:37,7,0,0
BRDA:60,8,0,0
BRDA:60,8,1,0
BRDA:73,9,0,0
BRDA:73,10,0,0
BRDA:87,11,0,0
BRDA:87,11,1,0
BRDA:100,12,0,0
BRDA:100,13,0,0
BRDA:105,14,0,0
BRDA:105,14,1,0
BRDA:106,15,0,0
BRDA:106,15,1,0
BRDA:116,16,0,0
BRDA:116,16,1,0
BRDA:130,17,0,0
BRDA:130,18,0,0
BRDA:130,18,1,0
BRDA:150,19,0,0
BRDA:150,19,1,0
BRDA:162,20,0,0
BRDA:174,21,0,0
BRDA:174,21,1,0
BRDA:188,22,0,0
BRDA:188,22,1,0
BRDA:189,23,0,0
BRDA:189,23,1,0
BRDA:203,24,0,0
BRDA:203,24,1,0
BRF:36
BRH:0
end_of_record
TN:
SF:src/routes/chat.routes.ts
FNF:0
FNH:0
DA:1,2
DA:2,2
DA:3,2
DA:4,2
DA:6,2
DA:8,2
DA:15,2
DA:22,2
DA:29,2
DA:36,2
DA:43,2
DA:50,2
DA:57,2
LF:13
LH:13
BRF:0
BRH:0
end_of_record
TN:
SF:src/routes/coupon.routes.ts
FNF:0
FNH:0
DA:1,2
DA:2,2
DA:3,2
DA:5,2
DA:8,2
DA:9,2
DA:10,2
DA:13,2
DA:14,2
DA:16,2
LF:10
LH:10
BRF:0
BRH:0
end_of_record
TN:
SF:src/routes/delivery.routes.ts
FNF:0
FNH:0
DA:2,2
DA:3,2
DA:4,2
DA:6,2
DA:10,2
DA:11,2
DA:12,2
DA:18,2
DA:19,2
DA:22,2
DA:26,2
DA:27,2
DA:28,2
DA:29,2
DA:30,2
DA:31,2
DA:32,2
DA:33,2
DA:34,2
DA:35,2
DA:36,2
DA:37,2
DA:38,2
DA:40,2
LF:24
LH:24
BRF:0
BRH:0
end_of_record
TN:
SF:src/routes/driver.routes.ts
FNF:0
FNH:0
DA:2,2
DA:3,2
DA:4,2
DA:6,2
DA:10,2
DA:11,2
DA:17,2
DA:18,2
DA:19,2
DA:23,2
DA:24,2
DA:25,2
DA:26,2
DA:27,2
DA:28,2
DA:29,2
DA:30,2
DA:31,2
DA:32,2
DA:33,2
DA:34,2
DA:35,2
DA:37,2
LF:23
LH:23
BRF:0
BRH:0
end_of_record
TN:
SF:src/routes/index.ts
FN:59,(anonymous_1)
FN:69,(anonymous_2)
FNF:2
FNH:0
FNDA:0,(anonymous_1)
FNDA:0,(anonymous_2)
DA:1,0
DA:2,0
DA:3,0
DA:4,0
DA:5,0
DA:6,0
DA:7,0
DA:8,0
DA:9,0
DA:10,0
DA:11,0
DA:12,0
DA:13,0
DA:14,0
DA:16,0
DA:19,0
DA:22,0
DA:25,0
DA:28,0
DA:31,0
DA:34,0
DA:37,0
DA:40,0
DA:43,0
DA:46,0
DA:49,0
DA:52,0
DA:53,0
DA:56,0
DA:59,0
DA:60,0
DA:69,0
DA:70,0
DA:77,0
LF:34
LH:0
BRDA:64,0,0,0
BRDA:64,0,1,0
BRF:2
BRH:0
end_of_record
TN:
SF:src/routes/loyalty.routes.ts
FNF:0
FNH:0
DA:1,2
DA:2,2
DA:3,2
DA:5,2
DA:8,2
DA:9,2
DA:10,2
DA:11,2
DA:14,2
DA:15,2
DA:17,2
LF:11
LH:11
BRF:0
BRH:0
end_of_record
TN:
SF:src/routes/notification.routes.ts
FNF:0
FNH:0
DA:1,2
DA:2,2
DA:3,2
DA:5,2
DA:6,2
DA:10,2
DA:16,2
DA:17,2
DA:18,2
DA:22,2
DA:23,2
DA:24,2
DA:25,2
DA:26,2
DA:27,2
DA:31,2
DA:32,2
DA:33,2
DA:34,2
DA:35,2
DA:36,2
DA:37,2
DA:39,2
LF:23
LH:23
BRF:0
BRH:0
end_of_record
TN:
SF:src/routes/order.routes.ts
FNF:0
FNH:0
DA:1,2
DA:2,2
DA:3,2
DA:4,2
DA:8,2
DA:9,2
DA:16,2
DA:23,2
DA:30,2
DA:39,2
DA:46,2
DA:55,2
DA:64,2
DA:71,2
DA:80,2
DA:87,2
DA:96,2
DA:103,2
DA:112,2
DA:119,2
DA:128,2
DA:135,2
DA:141,2
LF:23
LH:23
BRF:0
BRH:0
end_of_record
TN:
SF:src/routes/personal-delivery.routes.ts
FNF:0
FNH:0
DA:1,2
DA:2,2
DA:3,2
DA:5,2
DA:8,2
DA:11,2
DA:12,2
DA:13,2
DA:14,2
DA:15,2
DA:16,2
DA:17,2
DA:19,2
LF:13
LH:13
BRF:0
BRH:0
end_of_record
TN:
SF:src/routes/product.routes.ts
FNF:0
FNH:0
DA:2,2
DA:3,2
DA:4,2
DA:6,2
DA:10,2
DA:11,2
DA:12,2
DA:13,2
DA:14,2
DA:15,2
DA:21,2
DA:22,2
DA:23,2
DA:27,2
DA:28,2
DA:29,2
DA:30,2
DA:31,2
DA:33,2
LF:19
LH:19
BRF:0
BRH:0
end_of_record
TN:
SF:src/routes/promotion.routes.ts
FNF:0
FNH:0
DA:1,2
DA:2,2
DA:3,2
DA:5,2
DA:8,2
DA:11,2
DA:12,2
DA:13,2
DA:15,2
LF:9
LH:9
BRF:0
BRH:0
end_of_record
TN:
SF:src/routes/route.routes.ts
FNF:0
FNH:0
DA:1,2
DA:2,2
DA:3,2
DA:5,2
DA:8,2
DA:9,2
DA:12,2
DA:14,2
LF:8
LH:8
BRF:0
BRH:0
end_of_record
TN:
SF:src/routes/user.routes.ts
FN:9,(anonymous_0)
FNF:1
FNH:0
FNDA:0,(anonymous_0)
DA:1,2
DA:2,2
DA:3,2
DA:6,2
DA:7,2
DA:9,2
DA:10,0
DA:11,0
DA:16,2
DA:17,2
DA:23,2
DA:25,2
DA:26,2
DA:27,2
DA:28,2
DA:29,2
DA:30,2
DA:31,2
DA:34,2
DA:35,2
DA:36,2
DA:37,2
DA:38,2
DA:39,2
DA:40,2
DA:41,2
DA:42,2
DA:45,2
DA:46,2
DA:47,2
DA:48,2
DA:49,2
DA:50,2
DA:51,2
DA:52,2
DA:53,2
DA:54,2
DA:55,2
DA:56,2
DA:57,2
DA:59,2
LF:41
LH:39
BRDA:10,0,0,0
BRDA:10,0,1,0
BRDA:10,0,2,0
BRDA:10,1,0,0
BRDA:10,1,1,0
BRDA:10,2,0,0
BRDA:10,2,1,0
BRF:7
BRH:0
end_of_record
TN:
SF:src/routes/vendor.routes.ts
FNF:0
FNH:0
DA:1,2
DA:2,2
DA:3,2
DA:5,2
DA:6,2
DA:10,2
DA:11,2
DA:12,2
DA:13,2
DA:14,2
DA:15,2
DA:21,2
DA:22,2
DA:23,2
DA:27,2
DA:28,2
DA:29,2
DA:30,2
DA:31,2
DA:32,2
DA:33,2
DA:34,2
DA:35,2
DA:36,2
DA:37,2
DA:38,2
DA:39,2
DA:40,2
DA:41,2
DA:43,2
LF:30
LH:30
BRF:0
BRH:0
end_of_record
TN:
SF:src/types/index.ts
FNF:0
FNH:0
DA:2,0
LF:1
LH:0
BRF:0
BRH:0
end_of_record
TN:
SF:src/utils/geojson.ts
FN:32,(anonymous_0)
FN:35,(anonymous_1)
FN:46,(anonymous_2)
FN:61,(anonymous_3)
FN:77,(anonymous_4)
FN:95,(anonymous_5)
FN:100,(anonymous_6)
FN:140,(anonymous_7)
FNF:8
FNH:0
FNDA:0,(anonymous_0)
FNDA:0,(anonymous_1)
FNDA:0,(anonymous_2)
FNDA:0,(anonymous_3)
FNDA:0,(anonymous_4)
FNDA:0,(anonymous_5)
FNDA:0,(anonymous_6)
FNDA:0,(anonymous_7)
DA:32,2
DA:33,0
DA:35,2
DA:36,0
DA:37,0
DA:40,0
DA:46,2
DA:49,0
DA:50,0
DA:53,0
DA:54,0
DA:55,0
DA:58,0
DA:61,2
DA:65,0
DA:66,0
DA:67,0
DA:70,0
DA:77,2
DA:81,0
DA:82,0
DA:85,0
DA:95,2
DA:100,2
DA:101,0
DA:102,0
DA:105,0
DA:106,0
DA:112,0
DA:113,0
DA:119,0
DA:123,0
DA:129,0
DA:130,0
DA:133,0
DA:134,0
DA:137,0
DA:140,2
DA:141,0
DA:142,0
DA:143,0
DA:145,0
DA:151,0
LF:43
LH:8
BRDA:33,0,0,0
BRDA:33,0,1,0
BRDA:36,1,0,0
BRDA:36,2,0,0
BRDA:36,2,1,0
BRDA:36,2,2,0
BRDA:49,3,0,0
BRDA:49,4,0,0
BRDA:49,4,1,0
BRDA:49,4,2,0
BRDA:49,4,3,0
BRDA:54,5,0,0
BRDA:54,6,0,0
BRDA:54,6,1,0
BRDA:66,7,0,0
BRDA:81,8,0,0
BRDA:101,9,0,0
BRDA:105,10,0,0
BRDA:105,11,0,0
BRDA:105,11,1,0
BRDA:105,11,2,0
BRDA:112,12,0,0
BRDA:112,13,0,0
BRDA:112,13,1,0
BRDA:119,14,0,0
BRDA:120,15,0,0
BRDA:120,15,1,0
BRDA:129,16,0,0
BRDA:133,17,0,0
BRDA:133,18,0,0
BRDA:133,18,1,0
BRDA:133,19,0,0
BRDA:133,19,1,0
BRF:33
BRH:0
end_of_record
TN:
SF:src/utils/logger.ts
FNF:0
FNH:0
DA:1,0
DA:3,0
DA:12,0
DA:13,0
LF:4
LH:0
BRDA:12,0,0,0
BRF:1
BRH:0
end_of_record
